21:22:50.527 [localhost-startStop-1] DEBUG o.a.s.s.LifecycleBeanPostProcessor - Initializing bean [loginRealm]...
21:22:50.531 [localhost-startStop-1] DEBUG o.a.shiro.realm.AuthorizingRealm - No authorizationCache instance set.  Checking for a cacheManager...
21:22:50.531 [localhost-startStop-1] INFO  o.a.shiro.realm.AuthorizingRealm - No cache or cacheManager properties have been set.  Authorization cache cannot be obtained.
21:22:50.587 [localhost-startStop-1] DEBUG o.a.s.s.LifecycleBeanPostProcessor - Initializing bean [shiroEhcacheManager]...
21:22:50.587 [localhost-startStop-1] DEBUG o.a.s.cache.ehcache.EhCacheManager - cacheManager property not set.  Constructing CacheManager instance... 
21:22:50.613 [localhost-startStop-1] DEBUG org.apache.shiro.io.ResourceUtils - Opening resource from class path [ehcache-shiro.xml]
21:22:50.856 [localhost-startStop-1] DEBUG o.a.s.cache.ehcache.EhCacheManager - implicit cacheManager created successfully.
21:22:50.857 [localhost-startStop-1] DEBUG o.a.shiro.realm.AuthorizingRealm - No authorizationCache instance set.  Checking for a cacheManager...
21:22:50.857 [localhost-startStop-1] DEBUG o.a.shiro.realm.AuthorizingRealm - CacheManager [org.apache.shiro.cache.ehcache.EhCacheManager@6907caab] has been configured.  Building authorization cache named [platform.security.LoginRealm.authorizationCache]
21:22:50.858 [localhost-startStop-1] INFO  o.a.s.cache.ehcache.EhCacheManager - Cache with name 'platform.security.LoginRealm.authorizationCache' does not yet exist.  Creating now.
21:22:50.862 [localhost-startStop-1] INFO  o.a.s.cache.ehcache.EhCacheManager - Added EhCache named [platform.security.LoginRealm.authorizationCache]
21:22:51.145 [localhost-startStop-1] WARN  o.hibernate.ejb.HibernatePersistence - HHH015016: Encountered a deprecated javax.persistence.spi.PersistenceProvider [org.hibernate.ejb.HibernatePersistence]; use [org.hibernate.jpa.HibernatePersistenceProvider] instead.
21:22:52.688 [localhost-startStop-1] WARN  o.h.e.jdbc.internal.JdbcServicesImpl - HHH000342: Could not obtain connection to query metadata : Communications link failure

The last packet sent successfully to the server was 0 milliseconds ago. The driver has not received any packets from the server.
21:22:52.714 [localhost-startStop-1] WARN  o.s.w.c.s.XmlWebApplicationContext - Exception encountered during context initialization - cancelling refresh attempt
org.springframework.beans.factory.BeanCreationException: Error creating bean with name 'entityManagerFactory' defined in class path resource [applicationContext.xml]: Invocation of init method failed; nested exception is org.hibernate.HibernateException: Access to DialectResolutionInfo cannot be null when 'hibernate.dialect' not set
	at org.springframework.beans.factory.support.AbstractAutowireCapableBeanFactory.initializeBean(AbstractAutowireCapableBeanFactory.java:1554)
	at org.springframework.beans.factory.support.AbstractAutowireCapableBeanFactory.doCreateBean(AbstractAutowireCapableBeanFactory.java:539)
	at org.springframework.beans.factory.support.AbstractAutowireCapableBeanFactory.createBean(AbstractAutowireCapableBeanFactory.java:475)
	at org.springframework.beans.factory.support.AbstractBeanFactory$1.getObject(AbstractBeanFactory.java:302)
	at org.springframework.beans.factory.support.DefaultSingletonBeanRegistry.getSingleton(DefaultSingletonBeanRegistry.java:229)
	at org.springframework.beans.factory.support.AbstractBeanFactory.doGetBean(AbstractBeanFactory.java:298)
	at org.springframework.beans.factory.support.AbstractBeanFactory.getBean(AbstractBeanFactory.java:193)
	at org.springframework.context.support.AbstractApplicationContext.getBean(AbstractApplicationContext.java:975)
	at org.springframework.context.support.AbstractApplicationContext.finishBeanFactoryInitialization(AbstractApplicationContext.java:752)
	at org.springframework.context.support.AbstractApplicationContext.refresh(AbstractApplicationContext.java:482)
	at org.springframework.web.context.ContextLoader.configureAndRefreshWebApplicationContext(ContextLoader.java:403)
	at org.springframework.web.context.ContextLoader.initWebApplicationContext(ContextLoader.java:306)
	at org.springframework.web.context.ContextLoaderListener.contextInitialized(ContextLoaderListener.java:106)
	at org.apache.catalina.core.StandardContext.listenerStart(StandardContext.java:5003)
	at org.apache.catalina.core.StandardContext.startInternal(StandardContext.java:5517)
	at org.apache.catalina.util.LifecycleBase.start(LifecycleBase.java:150)
	at org.apache.catalina.core.ContainerBase$StartChild.call(ContainerBase.java:1574)
	at org.apache.catalina.core.ContainerBase$StartChild.call(ContainerBase.java:1564)
	at java.util.concurrent.FutureTask.run(FutureTask.java:266)
	at java.util.concurrent.ThreadPoolExecutor.runWorker(ThreadPoolExecutor.java:1142)
	at java.util.concurrent.ThreadPoolExecutor$Worker.run(ThreadPoolExecutor.java:617)
	at java.lang.Thread.run(Thread.java:745)
Caused by: org.hibernate.HibernateException: Access to DialectResolutionInfo cannot be null when 'hibernate.dialect' not set
	at org.hibernate.engine.jdbc.dialect.internal.DialectFactoryImpl.determineDialect(DialectFactoryImpl.java:104)
	at org.hibernate.engine.jdbc.dialect.internal.DialectFactoryImpl.buildDialect(DialectFactoryImpl.java:71)
	at org.hibernate.engine.jdbc.internal.JdbcServicesImpl.configure(JdbcServicesImpl.java:205)
	at org.hibernate.boot.registry.internal.StandardServiceRegistryImpl.configureService(StandardServiceRegistryImpl.java:89)
	at org.hibernate.service.internal.AbstractServiceRegistryImpl.initializeService(AbstractServiceRegistryImpl.java:206)
	at org.hibernate.service.internal.AbstractServiceRegistryImpl.getService(AbstractServiceRegistryImpl.java:178)
	at org.hibernate.cfg.Configuration.buildTypeRegistrations(Configuration.java:1885)
	at org.hibernate.cfg.Configuration.buildSessionFactory(Configuration.java:1843)
	at org.hibernate.jpa.boot.internal.EntityManagerFactoryBuilderImpl$4.perform(EntityManagerFactoryBuilderImpl.java:850)
	at org.hibernate.jpa.boot.internal.EntityManagerFactoryBuilderImpl$4.perform(EntityManagerFactoryBuilderImpl.java:843)
	at org.hibernate.boot.registry.classloading.internal.ClassLoaderServiceImpl.withTccl(ClassLoaderServiceImpl.java:397)
	at org.hibernate.jpa.boot.internal.EntityManagerFactoryBuilderImpl.build(EntityManagerFactoryBuilderImpl.java:842)
	at org.hibernate.jpa.HibernatePersistenceProvider.createContainerEntityManagerFactory(HibernatePersistenceProvider.java:150)
	at org.hibernate.ejb.HibernatePersistence.createContainerEntityManagerFactory(HibernatePersistence.java:67)
	at org.springframework.orm.jpa.LocalContainerEntityManagerFactoryBean.createNativeEntityManagerFactory(LocalContainerEntityManagerFactoryBean.java:338)
	at org.springframework.orm.jpa.AbstractEntityManagerFactoryBean.afterPropertiesSet(AbstractEntityManagerFactoryBean.java:318)
	at org.springframework.beans.factory.support.AbstractAutowireCapableBeanFactory.invokeInitMethods(AbstractAutowireCapableBeanFactory.java:1613)
	at org.springframework.beans.factory.support.AbstractAutowireCapableBeanFactory.initializeBean(AbstractAutowireCapableBeanFactory.java:1550)
	... 21 common frames omitted
21:22:52.736 [localhost-startStop-1] DEBUG o.a.s.s.LifecycleBeanPostProcessor - Destroying bean [securityManager]...
21:22:52.744 [localhost-startStop-1] DEBUG o.a.s.s.LifecycleBeanPostProcessor - Destroying bean [shiroEhcacheManager]...
21:22:52.745 [localhost-startStop-1] ERROR o.s.web.context.ContextLoader - Context initialization failed
org.springframework.beans.factory.BeanCreationException: Error creating bean with name 'entityManagerFactory' defined in class path resource [applicationContext.xml]: Invocation of init method failed; nested exception is org.hibernate.HibernateException: Access to DialectResolutionInfo cannot be null when 'hibernate.dialect' not set
	at org.springframework.beans.factory.support.AbstractAutowireCapableBeanFactory.initializeBean(AbstractAutowireCapableBeanFactory.java:1554)
	at org.springframework.beans.factory.support.AbstractAutowireCapableBeanFactory.doCreateBean(AbstractAutowireCapableBeanFactory.java:539)
	at org.springframework.beans.factory.support.AbstractAutowireCapableBeanFactory.createBean(AbstractAutowireCapableBeanFactory.java:475)
	at org.springframework.beans.factory.support.AbstractBeanFactory$1.getObject(AbstractBeanFactory.java:302)
	at org.springframework.beans.factory.support.DefaultSingletonBeanRegistry.getSingleton(DefaultSingletonBeanRegistry.java:229)
	at org.springframework.beans.factory.support.AbstractBeanFactory.doGetBean(AbstractBeanFactory.java:298)
	at org.springframework.beans.factory.support.AbstractBeanFactory.getBean(AbstractBeanFactory.java:193)
	at org.springframework.context.support.AbstractApplicationContext.getBean(AbstractApplicationContext.java:975)
	at org.springframework.context.support.AbstractApplicationContext.finishBeanFactoryInitialization(AbstractApplicationContext.java:752)
	at org.springframework.context.support.AbstractApplicationContext.refresh(AbstractApplicationContext.java:482)
	at org.springframework.web.context.ContextLoader.configureAndRefreshWebApplicationContext(ContextLoader.java:403)
	at org.springframework.web.context.ContextLoader.initWebApplicationContext(ContextLoader.java:306)
	at org.springframework.web.context.ContextLoaderListener.contextInitialized(ContextLoaderListener.java:106)
	at org.apache.catalina.core.StandardContext.listenerStart(StandardContext.java:5003)
	at org.apache.catalina.core.StandardContext.startInternal(StandardContext.java:5517)
	at org.apache.catalina.util.LifecycleBase.start(LifecycleBase.java:150)
	at org.apache.catalina.core.ContainerBase$StartChild.call(ContainerBase.java:1574)
	at org.apache.catalina.core.ContainerBase$StartChild.call(ContainerBase.java:1564)
	at java.util.concurrent.FutureTask.run(FutureTask.java:266)
	at java.util.concurrent.ThreadPoolExecutor.runWorker(ThreadPoolExecutor.java:1142)
	at java.util.concurrent.ThreadPoolExecutor$Worker.run(ThreadPoolExecutor.java:617)
	at java.lang.Thread.run(Thread.java:745)
Caused by: org.hibernate.HibernateException: Access to DialectResolutionInfo cannot be null when 'hibernate.dialect' not set
	at org.hibernate.engine.jdbc.dialect.internal.DialectFactoryImpl.determineDialect(DialectFactoryImpl.java:104)
	at org.hibernate.engine.jdbc.dialect.internal.DialectFactoryImpl.buildDialect(DialectFactoryImpl.java:71)
	at org.hibernate.engine.jdbc.internal.JdbcServicesImpl.configure(JdbcServicesImpl.java:205)
	at org.hibernate.boot.registry.internal.StandardServiceRegistryImpl.configureService(StandardServiceRegistryImpl.java:89)
	at org.hibernate.service.internal.AbstractServiceRegistryImpl.initializeService(AbstractServiceRegistryImpl.java:206)
	at org.hibernate.service.internal.AbstractServiceRegistryImpl.getService(AbstractServiceRegistryImpl.java:178)
	at org.hibernate.cfg.Configuration.buildTypeRegistrations(Configuration.java:1885)
	at org.hibernate.cfg.Configuration.buildSessionFactory(Configuration.java:1843)
	at org.hibernate.jpa.boot.internal.EntityManagerFactoryBuilderImpl$4.perform(EntityManagerFactoryBuilderImpl.java:850)
	at org.hibernate.jpa.boot.internal.EntityManagerFactoryBuilderImpl$4.perform(EntityManagerFactoryBuilderImpl.java:843)
	at org.hibernate.boot.registry.classloading.internal.ClassLoaderServiceImpl.withTccl(ClassLoaderServiceImpl.java:397)
	at org.hibernate.jpa.boot.internal.EntityManagerFactoryBuilderImpl.build(EntityManagerFactoryBuilderImpl.java:842)
	at org.hibernate.jpa.HibernatePersistenceProvider.createContainerEntityManagerFactory(HibernatePersistenceProvider.java:150)
	at org.hibernate.ejb.HibernatePersistence.createContainerEntityManagerFactory(HibernatePersistence.java:67)
	at org.springframework.orm.jpa.LocalContainerEntityManagerFactoryBean.createNativeEntityManagerFactory(LocalContainerEntityManagerFactoryBean.java:338)
	at org.springframework.orm.jpa.AbstractEntityManagerFactoryBean.afterPropertiesSet(AbstractEntityManagerFactoryBean.java:318)
	at org.springframework.beans.factory.support.AbstractAutowireCapableBeanFactory.invokeInitMethods(AbstractAutowireCapableBeanFactory.java:1613)
	at org.springframework.beans.factory.support.AbstractAutowireCapableBeanFactory.initializeBean(AbstractAutowireCapableBeanFactory.java:1550)
	... 21 common frames omitted
21:24:35.729 [localhost-startStop-1] DEBUG o.a.s.s.LifecycleBeanPostProcessor - Initializing bean [loginRealm]...
21:24:35.733 [localhost-startStop-1] DEBUG o.a.shiro.realm.AuthorizingRealm - No authorizationCache instance set.  Checking for a cacheManager...
21:24:35.733 [localhost-startStop-1] INFO  o.a.shiro.realm.AuthorizingRealm - No cache or cacheManager properties have been set.  Authorization cache cannot be obtained.
21:24:35.776 [localhost-startStop-1] DEBUG o.a.s.s.LifecycleBeanPostProcessor - Initializing bean [shiroEhcacheManager]...
21:24:35.777 [localhost-startStop-1] DEBUG o.a.s.cache.ehcache.EhCacheManager - cacheManager property not set.  Constructing CacheManager instance... 
21:24:35.793 [localhost-startStop-1] DEBUG org.apache.shiro.io.ResourceUtils - Opening resource from class path [ehcache-shiro.xml]
21:24:35.939 [localhost-startStop-1] DEBUG o.a.s.cache.ehcache.EhCacheManager - implicit cacheManager created successfully.
21:24:35.941 [localhost-startStop-1] DEBUG o.a.shiro.realm.AuthorizingRealm - No authorizationCache instance set.  Checking for a cacheManager...
21:24:35.941 [localhost-startStop-1] DEBUG o.a.shiro.realm.AuthorizingRealm - CacheManager [org.apache.shiro.cache.ehcache.EhCacheManager@475f5f69] has been configured.  Building authorization cache named [platform.security.LoginRealm.authorizationCache]
21:24:35.941 [localhost-startStop-1] INFO  o.a.s.cache.ehcache.EhCacheManager - Cache with name 'platform.security.LoginRealm.authorizationCache' does not yet exist.  Creating now.
21:24:35.943 [localhost-startStop-1] INFO  o.a.s.cache.ehcache.EhCacheManager - Added EhCache named [platform.security.LoginRealm.authorizationCache]
21:24:36.112 [localhost-startStop-1] WARN  o.hibernate.ejb.HibernatePersistence - HHH015016: Encountered a deprecated javax.persistence.spi.PersistenceProvider [org.hibernate.ejb.HibernatePersistence]; use [org.hibernate.jpa.HibernatePersistenceProvider] instead.
21:24:38.994 [localhost-startStop-1] DEBUG o.a.s.s.web.ShiroFilterFactoryBean - Creating Shiro Filter instance.
21:25:27.978 [localhost-startStop-2] DEBUG o.a.s.s.LifecycleBeanPostProcessor - Destroying bean [securityManager]...
21:25:27.988 [localhost-startStop-2] DEBUG o.a.s.s.LifecycleBeanPostProcessor - Destroying bean [shiroEhcacheManager]...
21:26:23.563 [localhost-startStop-1] DEBUG o.a.s.s.LifecycleBeanPostProcessor - Initializing bean [loginRealm]...
21:26:23.568 [localhost-startStop-1] DEBUG o.a.shiro.realm.AuthorizingRealm - No authorizationCache instance set.  Checking for a cacheManager...
21:26:23.568 [localhost-startStop-1] INFO  o.a.shiro.realm.AuthorizingRealm - No cache or cacheManager properties have been set.  Authorization cache cannot be obtained.
21:26:23.638 [localhost-startStop-1] DEBUG o.a.s.s.LifecycleBeanPostProcessor - Initializing bean [shiroEhcacheManager]...
21:26:23.638 [localhost-startStop-1] DEBUG o.a.s.cache.ehcache.EhCacheManager - cacheManager property not set.  Constructing CacheManager instance... 
21:26:23.653 [localhost-startStop-1] DEBUG org.apache.shiro.io.ResourceUtils - Opening resource from class path [ehcache-shiro.xml]
21:26:23.808 [localhost-startStop-1] DEBUG o.a.s.cache.ehcache.EhCacheManager - implicit cacheManager created successfully.
21:26:23.810 [localhost-startStop-1] DEBUG o.a.shiro.realm.AuthorizingRealm - No authorizationCache instance set.  Checking for a cacheManager...
21:26:23.810 [localhost-startStop-1] DEBUG o.a.shiro.realm.AuthorizingRealm - CacheManager [org.apache.shiro.cache.ehcache.EhCacheManager@619e7418] has been configured.  Building authorization cache named [platform.security.LoginRealm.authorizationCache]
21:26:23.810 [localhost-startStop-1] INFO  o.a.s.cache.ehcache.EhCacheManager - Cache with name 'platform.security.LoginRealm.authorizationCache' does not yet exist.  Creating now.
21:26:23.889 [localhost-startStop-1] INFO  o.a.s.cache.ehcache.EhCacheManager - Added EhCache named [platform.security.LoginRealm.authorizationCache]
21:26:24.048 [localhost-startStop-1] WARN  o.hibernate.ejb.HibernatePersistence - HHH015016: Encountered a deprecated javax.persistence.spi.PersistenceProvider [org.hibernate.ejb.HibernatePersistence]; use [org.hibernate.jpa.HibernatePersistenceProvider] instead.
21:26:25.927 [localhost-startStop-1] DEBUG o.a.s.s.web.ShiroFilterFactoryBean - Creating Shiro Filter instance.
21:27:22.888 [localhost-startStop-2] DEBUG o.a.s.s.LifecycleBeanPostProcessor - Destroying bean [securityManager]...
21:27:22.915 [localhost-startStop-2] DEBUG o.a.s.s.LifecycleBeanPostProcessor - Destroying bean [shiroEhcacheManager]...
