08:18:21.956 [localhost-startStop-1] DEBUG o.a.s.s.LifecycleBeanPostProcessor - Initializing bean [loginRealm]...
08:18:21.960 [localhost-startStop-1] DEBUG o.a.shiro.realm.AuthorizingRealm - No authorizationCache instance set.  Checking for a cacheManager...
08:18:21.961 [localhost-startStop-1] INFO  o.a.shiro.realm.AuthorizingRealm - No cache or cacheManager properties have been set.  Authorization cache cannot be obtained.
08:18:22.003 [localhost-startStop-1] DEBUG o.a.s.s.LifecycleBeanPostProcessor - Initializing bean [shiroEhcacheManager]...
08:18:22.004 [localhost-startStop-1] DEBUG o.a.s.cache.ehcache.EhCacheManager - cacheManager property not set.  Constructing CacheManager instance... 
08:18:22.017 [localhost-startStop-1] DEBUG org.apache.shiro.io.ResourceUtils - Opening resource from class path [ehcache-shiro.xml]
08:18:22.168 [localhost-startStop-1] DEBUG o.a.s.cache.ehcache.EhCacheManager - implicit cacheManager created successfully.
08:18:22.170 [localhost-startStop-1] DEBUG o.a.shiro.realm.AuthorizingRealm - No authorizationCache instance set.  Checking for a cacheManager...
08:18:22.171 [localhost-startStop-1] DEBUG o.a.shiro.realm.AuthorizingRealm - CacheManager [org.apache.shiro.cache.ehcache.EhCacheManager@7ad24593] has been configured.  Building authorization cache named [platform.realm.LoginRealm.authorizationCache]
08:18:22.171 [localhost-startStop-1] INFO  o.a.s.cache.ehcache.EhCacheManager - Cache with name 'platform.realm.LoginRealm.authorizationCache' does not yet exist.  Creating now.
08:18:22.174 [localhost-startStop-1] INFO  o.a.s.cache.ehcache.EhCacheManager - Added EhCache named [platform.realm.LoginRealm.authorizationCache]
08:18:22.332 [localhost-startStop-1] WARN  o.hibernate.ejb.HibernatePersistence - HHH015016: Encountered a deprecated javax.persistence.spi.PersistenceProvider [org.hibernate.ejb.HibernatePersistence]; use [org.hibernate.jpa.HibernatePersistenceProvider] instead.
08:18:24.470 [localhost-startStop-1] DEBUG o.a.s.s.web.ShiroFilterFactoryBean - Creating Shiro Filter instance.
08:19:55.502 [localhost-startStop-2] DEBUG o.a.s.s.LifecycleBeanPostProcessor - Destroying bean [securityManager]...
08:19:55.516 [localhost-startStop-2] DEBUG o.a.s.s.LifecycleBeanPostProcessor - Destroying bean [shiroEhcacheManager]...
08:20:10.561 [localhost-startStop-1] DEBUG o.a.s.s.LifecycleBeanPostProcessor - Initializing bean [loginRealm]...
08:20:10.565 [localhost-startStop-1] DEBUG o.a.shiro.realm.AuthorizingRealm - No authorizationCache instance set.  Checking for a cacheManager...
08:20:10.566 [localhost-startStop-1] INFO  o.a.shiro.realm.AuthorizingRealm - No cache or cacheManager properties have been set.  Authorization cache cannot be obtained.
08:20:10.609 [localhost-startStop-1] DEBUG o.a.s.s.LifecycleBeanPostProcessor - Initializing bean [shiroEhcacheManager]...
08:20:10.609 [localhost-startStop-1] DEBUG o.a.s.cache.ehcache.EhCacheManager - cacheManager property not set.  Constructing CacheManager instance... 
08:20:10.620 [localhost-startStop-1] DEBUG org.apache.shiro.io.ResourceUtils - Opening resource from class path [ehcache-shiro.xml]
08:20:10.752 [localhost-startStop-1] DEBUG o.a.s.cache.ehcache.EhCacheManager - implicit cacheManager created successfully.
08:20:10.755 [localhost-startStop-1] DEBUG o.a.shiro.realm.AuthorizingRealm - No authorizationCache instance set.  Checking for a cacheManager...
08:20:10.755 [localhost-startStop-1] DEBUG o.a.shiro.realm.AuthorizingRealm - CacheManager [org.apache.shiro.cache.ehcache.EhCacheManager@6ab5d2d8] has been configured.  Building authorization cache named [platform.realm.LoginRealm.authorizationCache]
08:20:10.756 [localhost-startStop-1] INFO  o.a.s.cache.ehcache.EhCacheManager - Cache with name 'platform.realm.LoginRealm.authorizationCache' does not yet exist.  Creating now.
08:20:10.758 [localhost-startStop-1] INFO  o.a.s.cache.ehcache.EhCacheManager - Added EhCache named [platform.realm.LoginRealm.authorizationCache]
08:20:10.925 [localhost-startStop-1] WARN  o.hibernate.ejb.HibernatePersistence - HHH015016: Encountered a deprecated javax.persistence.spi.PersistenceProvider [org.hibernate.ejb.HibernatePersistence]; use [org.hibernate.jpa.HibernatePersistenceProvider] instead.
08:20:13.070 [localhost-startStop-1] DEBUG o.a.s.s.web.ShiroFilterFactoryBean - Creating Shiro Filter instance.
08:26:28.648 [localhost-startStop-2] WARN  o.s.b.f.s.DisposableBeanAdapter - Invocation of destroy method 'close' failed on bean with name 'dataSource': java.lang.NoClassDefFoundError: com/mysql/jdbc/ProfilerEventHandlerFactory
08:26:28.649 [localhost-startStop-2] DEBUG o.a.s.s.LifecycleBeanPostProcessor - Destroying bean [securityManager]...
08:26:28.682 [localhost-startStop-2] DEBUG o.a.s.s.LifecycleBeanPostProcessor - Destroying bean [shiroEhcacheManager]...
08:26:40.522 [localhost-startStop-1] DEBUG o.a.s.s.LifecycleBeanPostProcessor - Initializing bean [loginRealm]...
08:26:40.526 [localhost-startStop-1] DEBUG o.a.shiro.realm.AuthorizingRealm - No authorizationCache instance set.  Checking for a cacheManager...
08:26:40.527 [localhost-startStop-1] INFO  o.a.shiro.realm.AuthorizingRealm - No cache or cacheManager properties have been set.  Authorization cache cannot be obtained.
08:26:40.571 [localhost-startStop-1] DEBUG o.a.s.s.LifecycleBeanPostProcessor - Initializing bean [shiroEhcacheManager]...
08:26:40.572 [localhost-startStop-1] DEBUG o.a.s.cache.ehcache.EhCacheManager - cacheManager property not set.  Constructing CacheManager instance... 
08:26:40.586 [localhost-startStop-1] DEBUG org.apache.shiro.io.ResourceUtils - Opening resource from class path [ehcache-shiro.xml]
08:26:40.747 [localhost-startStop-1] DEBUG o.a.s.cache.ehcache.EhCacheManager - implicit cacheManager created successfully.
08:26:40.748 [localhost-startStop-1] DEBUG o.a.shiro.realm.AuthorizingRealm - No authorizationCache instance set.  Checking for a cacheManager...
08:26:40.749 [localhost-startStop-1] DEBUG o.a.shiro.realm.AuthorizingRealm - CacheManager [org.apache.shiro.cache.ehcache.EhCacheManager@3c0fd09a] has been configured.  Building authorization cache named [platform.realm.LoginRealm.authorizationCache]
08:26:40.749 [localhost-startStop-1] INFO  o.a.s.cache.ehcache.EhCacheManager - Cache with name 'platform.realm.LoginRealm.authorizationCache' does not yet exist.  Creating now.
08:26:40.753 [localhost-startStop-1] INFO  o.a.s.cache.ehcache.EhCacheManager - Added EhCache named [platform.realm.LoginRealm.authorizationCache]
08:26:40.966 [localhost-startStop-1] WARN  o.hibernate.ejb.HibernatePersistence - HHH015016: Encountered a deprecated javax.persistence.spi.PersistenceProvider [org.hibernate.ejb.HibernatePersistence]; use [org.hibernate.jpa.HibernatePersistenceProvider] instead.
08:26:44.417 [localhost-startStop-1] DEBUG o.a.s.s.web.ShiroFilterFactoryBean - Creating Shiro Filter instance.
08:27:12.171 [localhost-startStop-2] DEBUG o.a.s.s.LifecycleBeanPostProcessor - Destroying bean [securityManager]...
08:27:12.191 [localhost-startStop-2] DEBUG o.a.s.s.LifecycleBeanPostProcessor - Destroying bean [shiroEhcacheManager]...
08:27:47.190 [localhost-startStop-1] DEBUG o.a.s.s.LifecycleBeanPostProcessor - Initializing bean [loginRealm]...
08:27:47.194 [localhost-startStop-1] DEBUG o.a.shiro.realm.AuthorizingRealm - No authorizationCache instance set.  Checking for a cacheManager...
08:27:47.194 [localhost-startStop-1] INFO  o.a.shiro.realm.AuthorizingRealm - No cache or cacheManager properties have been set.  Authorization cache cannot be obtained.
08:27:47.239 [localhost-startStop-1] DEBUG o.a.s.s.LifecycleBeanPostProcessor - Initializing bean [shiroEhcacheManager]...
08:27:47.239 [localhost-startStop-1] DEBUG o.a.s.cache.ehcache.EhCacheManager - cacheManager property not set.  Constructing CacheManager instance... 
08:27:47.253 [localhost-startStop-1] DEBUG org.apache.shiro.io.ResourceUtils - Opening resource from class path [ehcache-shiro.xml]
08:27:47.398 [localhost-startStop-1] DEBUG o.a.s.cache.ehcache.EhCacheManager - implicit cacheManager created successfully.
08:27:47.401 [localhost-startStop-1] DEBUG o.a.shiro.realm.AuthorizingRealm - No authorizationCache instance set.  Checking for a cacheManager...
08:27:47.401 [localhost-startStop-1] DEBUG o.a.shiro.realm.AuthorizingRealm - CacheManager [org.apache.shiro.cache.ehcache.EhCacheManager@7ffd1e5c] has been configured.  Building authorization cache named [platform.realm.LoginRealm.authorizationCache]
08:27:47.402 [localhost-startStop-1] INFO  o.a.s.cache.ehcache.EhCacheManager - Cache with name 'platform.realm.LoginRealm.authorizationCache' does not yet exist.  Creating now.
08:27:47.404 [localhost-startStop-1] INFO  o.a.s.cache.ehcache.EhCacheManager - Added EhCache named [platform.realm.LoginRealm.authorizationCache]
08:27:47.586 [localhost-startStop-1] WARN  o.hibernate.ejb.HibernatePersistence - HHH015016: Encountered a deprecated javax.persistence.spi.PersistenceProvider [org.hibernate.ejb.HibernatePersistence]; use [org.hibernate.jpa.HibernatePersistenceProvider] instead.
08:27:50.840 [localhost-startStop-1] DEBUG o.a.s.s.web.ShiroFilterFactoryBean - Creating Shiro Filter instance.
08:27:58.162 [http-bio-8080-exec-5] ERROR demo.controller.DemoController - abc
08:28:11.906 [localhost-startStop-2] DEBUG o.a.s.s.LifecycleBeanPostProcessor - Destroying bean [securityManager]...
08:28:11.911 [localhost-startStop-2] DEBUG o.a.s.s.LifecycleBeanPostProcessor - Destroying bean [shiroEhcacheManager]...
08:28:30.344 [localhost-startStop-1] DEBUG o.a.s.s.LifecycleBeanPostProcessor - Initializing bean [loginRealm]...
08:28:30.347 [localhost-startStop-1] DEBUG o.a.shiro.realm.AuthorizingRealm - No authorizationCache instance set.  Checking for a cacheManager...
08:28:30.347 [localhost-startStop-1] INFO  o.a.shiro.realm.AuthorizingRealm - No cache or cacheManager properties have been set.  Authorization cache cannot be obtained.
08:28:30.386 [localhost-startStop-1] DEBUG o.a.s.s.LifecycleBeanPostProcessor - Initializing bean [shiroEhcacheManager]...
08:28:30.387 [localhost-startStop-1] DEBUG o.a.s.cache.ehcache.EhCacheManager - cacheManager property not set.  Constructing CacheManager instance... 
08:28:30.402 [localhost-startStop-1] DEBUG org.apache.shiro.io.ResourceUtils - Opening resource from class path [ehcache-shiro.xml]
08:28:30.535 [localhost-startStop-1] DEBUG o.a.s.cache.ehcache.EhCacheManager - implicit cacheManager created successfully.
08:28:30.537 [localhost-startStop-1] DEBUG o.a.shiro.realm.AuthorizingRealm - No authorizationCache instance set.  Checking for a cacheManager...
08:28:30.538 [localhost-startStop-1] DEBUG o.a.shiro.realm.AuthorizingRealm - CacheManager [org.apache.shiro.cache.ehcache.EhCacheManager@7e6d677e] has been configured.  Building authorization cache named [platform.realm.LoginRealm.authorizationCache]
08:28:30.538 [localhost-startStop-1] INFO  o.a.s.cache.ehcache.EhCacheManager - Cache with name 'platform.realm.LoginRealm.authorizationCache' does not yet exist.  Creating now.
08:28:30.542 [localhost-startStop-1] INFO  o.a.s.cache.ehcache.EhCacheManager - Added EhCache named [platform.realm.LoginRealm.authorizationCache]
08:28:30.713 [localhost-startStop-1] WARN  o.hibernate.ejb.HibernatePersistence - HHH015016: Encountered a deprecated javax.persistence.spi.PersistenceProvider [org.hibernate.ejb.HibernatePersistence]; use [org.hibernate.jpa.HibernatePersistenceProvider] instead.
08:28:32.814 [localhost-startStop-1] DEBUG o.a.s.s.web.ShiroFilterFactoryBean - Creating Shiro Filter instance.
08:28:38.300 [http-bio-8080-exec-3] ERROR demo.controller.DemoController - abc
08:28:52.502 [localhost-startStop-2] DEBUG o.a.s.s.LifecycleBeanPostProcessor - Destroying bean [securityManager]...
08:28:52.507 [localhost-startStop-2] DEBUG o.a.s.s.LifecycleBeanPostProcessor - Destroying bean [shiroEhcacheManager]...
08:29:42.360 [localhost-startStop-1] DEBUG o.a.s.s.LifecycleBeanPostProcessor - Initializing bean [loginRealm]...
08:29:42.364 [localhost-startStop-1] DEBUG o.a.shiro.realm.AuthorizingRealm - No authorizationCache instance set.  Checking for a cacheManager...
08:29:42.365 [localhost-startStop-1] INFO  o.a.shiro.realm.AuthorizingRealm - No cache or cacheManager properties have been set.  Authorization cache cannot be obtained.
08:29:42.407 [localhost-startStop-1] DEBUG o.a.s.s.LifecycleBeanPostProcessor - Initializing bean [shiroEhcacheManager]...
08:29:42.407 [localhost-startStop-1] DEBUG o.a.s.cache.ehcache.EhCacheManager - cacheManager property not set.  Constructing CacheManager instance... 
08:29:42.420 [localhost-startStop-1] DEBUG org.apache.shiro.io.ResourceUtils - Opening resource from class path [ehcache-shiro.xml]
08:29:42.574 [localhost-startStop-1] DEBUG o.a.s.cache.ehcache.EhCacheManager - implicit cacheManager created successfully.
08:29:42.576 [localhost-startStop-1] DEBUG o.a.shiro.realm.AuthorizingRealm - No authorizationCache instance set.  Checking for a cacheManager...
08:29:42.576 [localhost-startStop-1] DEBUG o.a.shiro.realm.AuthorizingRealm - CacheManager [org.apache.shiro.cache.ehcache.EhCacheManager@7c45953f] has been configured.  Building authorization cache named [platform.realm.LoginRealm.authorizationCache]
08:29:42.576 [localhost-startStop-1] INFO  o.a.s.cache.ehcache.EhCacheManager - Cache with name 'platform.realm.LoginRealm.authorizationCache' does not yet exist.  Creating now.
08:29:42.578 [localhost-startStop-1] INFO  o.a.s.cache.ehcache.EhCacheManager - Added EhCache named [platform.realm.LoginRealm.authorizationCache]
08:29:42.731 [localhost-startStop-1] WARN  o.hibernate.ejb.HibernatePersistence - HHH015016: Encountered a deprecated javax.persistence.spi.PersistenceProvider [org.hibernate.ejb.HibernatePersistence]; use [org.hibernate.jpa.HibernatePersistenceProvider] instead.
08:29:44.969 [localhost-startStop-1] DEBUG o.a.s.s.web.ShiroFilterFactoryBean - Creating Shiro Filter instance.
08:29:57.364 [localhost-startStop-2] DEBUG o.a.s.s.LifecycleBeanPostProcessor - Destroying bean [securityManager]...
08:29:57.371 [localhost-startStop-2] DEBUG o.a.s.s.LifecycleBeanPostProcessor - Destroying bean [shiroEhcacheManager]...
08:38:15.394 [localhost-startStop-1] DEBUG o.a.s.s.LifecycleBeanPostProcessor - Initializing bean [loginRealm]...
08:38:15.398 [localhost-startStop-1] DEBUG o.a.shiro.realm.AuthorizingRealm - No authorizationCache instance set.  Checking for a cacheManager...
08:38:15.398 [localhost-startStop-1] INFO  o.a.shiro.realm.AuthorizingRealm - No cache or cacheManager properties have been set.  Authorization cache cannot be obtained.
08:38:15.432 [localhost-startStop-1] DEBUG o.a.s.s.LifecycleBeanPostProcessor - Initializing bean [shiroEhcacheManager]...
08:38:15.432 [localhost-startStop-1] DEBUG o.a.s.cache.ehcache.EhCacheManager - cacheManager property not set.  Constructing CacheManager instance... 
08:38:15.442 [localhost-startStop-1] DEBUG org.apache.shiro.io.ResourceUtils - Opening resource from class path [ehcache-shiro.xml]
08:38:15.549 [localhost-startStop-1] DEBUG o.a.s.cache.ehcache.EhCacheManager - implicit cacheManager created successfully.
08:38:15.550 [localhost-startStop-1] DEBUG o.a.shiro.realm.AuthorizingRealm - No authorizationCache instance set.  Checking for a cacheManager...
08:38:15.551 [localhost-startStop-1] DEBUG o.a.shiro.realm.AuthorizingRealm - CacheManager [org.apache.shiro.cache.ehcache.EhCacheManager@6b567148] has been configured.  Building authorization cache named [platform.realm.LoginRealm.authorizationCache]
08:38:15.551 [localhost-startStop-1] INFO  o.a.s.cache.ehcache.EhCacheManager - Cache with name 'platform.realm.LoginRealm.authorizationCache' does not yet exist.  Creating now.
08:38:15.552 [localhost-startStop-1] INFO  o.a.s.cache.ehcache.EhCacheManager - Added EhCache named [platform.realm.LoginRealm.authorizationCache]
08:38:15.757 [localhost-startStop-1] WARN  o.hibernate.ejb.HibernatePersistence - HHH015016: Encountered a deprecated javax.persistence.spi.PersistenceProvider [org.hibernate.ejb.HibernatePersistence]; use [org.hibernate.jpa.HibernatePersistenceProvider] instead.
08:38:17.672 [localhost-startStop-1] DEBUG o.a.s.s.web.ShiroFilterFactoryBean - Creating Shiro Filter instance.
08:40:41.937 [localhost-startStop-2] DEBUG o.a.s.s.LifecycleBeanPostProcessor - Destroying bean [securityManager]...
08:40:41.943 [localhost-startStop-2] DEBUG o.a.s.s.LifecycleBeanPostProcessor - Destroying bean [shiroEhcacheManager]...
08:40:54.241 [localhost-startStop-1] DEBUG o.a.s.s.LifecycleBeanPostProcessor - Initializing bean [loginRealm]...
08:40:54.244 [localhost-startStop-1] DEBUG o.a.shiro.realm.AuthorizingRealm - No authorizationCache instance set.  Checking for a cacheManager...
08:40:54.244 [localhost-startStop-1] INFO  o.a.shiro.realm.AuthorizingRealm - No cache or cacheManager properties have been set.  Authorization cache cannot be obtained.
08:40:54.279 [localhost-startStop-1] DEBUG o.a.s.s.LifecycleBeanPostProcessor - Initializing bean [shiroEhcacheManager]...
08:40:54.279 [localhost-startStop-1] DEBUG o.a.s.cache.ehcache.EhCacheManager - cacheManager property not set.  Constructing CacheManager instance... 
08:40:54.291 [localhost-startStop-1] DEBUG org.apache.shiro.io.ResourceUtils - Opening resource from class path [ehcache-shiro.xml]
08:40:54.426 [localhost-startStop-1] DEBUG o.a.s.cache.ehcache.EhCacheManager - implicit cacheManager created successfully.
08:40:54.428 [localhost-startStop-1] DEBUG o.a.shiro.realm.AuthorizingRealm - No authorizationCache instance set.  Checking for a cacheManager...
08:40:54.428 [localhost-startStop-1] DEBUG o.a.shiro.realm.AuthorizingRealm - CacheManager [org.apache.shiro.cache.ehcache.EhCacheManager@4b9135aa] has been configured.  Building authorization cache named [platform.realm.LoginRealm.authorizationCache]
08:40:54.429 [localhost-startStop-1] INFO  o.a.s.cache.ehcache.EhCacheManager - Cache with name 'platform.realm.LoginRealm.authorizationCache' does not yet exist.  Creating now.
08:40:54.430 [localhost-startStop-1] INFO  o.a.s.cache.ehcache.EhCacheManager - Added EhCache named [platform.realm.LoginRealm.authorizationCache]
08:40:54.605 [localhost-startStop-1] WARN  o.hibernate.ejb.HibernatePersistence - HHH015016: Encountered a deprecated javax.persistence.spi.PersistenceProvider [org.hibernate.ejb.HibernatePersistence]; use [org.hibernate.jpa.HibernatePersistenceProvider] instead.
08:40:56.733 [localhost-startStop-1] DEBUG o.a.s.s.web.ShiroFilterFactoryBean - Creating Shiro Filter instance.
08:41:42.892 [localhost-startStop-2] DEBUG o.a.s.s.LifecycleBeanPostProcessor - Destroying bean [securityManager]...
08:41:42.898 [localhost-startStop-2] DEBUG o.a.s.s.LifecycleBeanPostProcessor - Destroying bean [shiroEhcacheManager]...
08:41:55.048 [localhost-startStop-1] DEBUG o.a.s.s.LifecycleBeanPostProcessor - Initializing bean [loginRealm]...
08:41:55.052 [localhost-startStop-1] DEBUG o.a.shiro.realm.AuthorizingRealm - No authorizationCache instance set.  Checking for a cacheManager...
08:41:55.052 [localhost-startStop-1] INFO  o.a.shiro.realm.AuthorizingRealm - No cache or cacheManager properties have been set.  Authorization cache cannot be obtained.
08:41:55.091 [localhost-startStop-1] DEBUG o.a.s.s.LifecycleBeanPostProcessor - Initializing bean [shiroEhcacheManager]...
08:41:55.091 [localhost-startStop-1] DEBUG o.a.s.cache.ehcache.EhCacheManager - cacheManager property not set.  Constructing CacheManager instance... 
08:41:55.104 [localhost-startStop-1] DEBUG org.apache.shiro.io.ResourceUtils - Opening resource from class path [ehcache-shiro.xml]
08:41:55.256 [localhost-startStop-1] DEBUG o.a.s.cache.ehcache.EhCacheManager - implicit cacheManager created successfully.
08:41:55.258 [localhost-startStop-1] DEBUG o.a.shiro.realm.AuthorizingRealm - No authorizationCache instance set.  Checking for a cacheManager...
08:41:55.261 [localhost-startStop-1] DEBUG o.a.shiro.realm.AuthorizingRealm - CacheManager [org.apache.shiro.cache.ehcache.EhCacheManager@77f9e791] has been configured.  Building authorization cache named [platform.realm.LoginRealm.authorizationCache]
08:41:55.262 [localhost-startStop-1] INFO  o.a.s.cache.ehcache.EhCacheManager - Cache with name 'platform.realm.LoginRealm.authorizationCache' does not yet exist.  Creating now.
08:41:55.265 [localhost-startStop-1] INFO  o.a.s.cache.ehcache.EhCacheManager - Added EhCache named [platform.realm.LoginRealm.authorizationCache]
08:41:55.437 [localhost-startStop-1] WARN  o.hibernate.ejb.HibernatePersistence - HHH015016: Encountered a deprecated javax.persistence.spi.PersistenceProvider [org.hibernate.ejb.HibernatePersistence]; use [org.hibernate.jpa.HibernatePersistenceProvider] instead.
08:41:57.543 [localhost-startStop-1] DEBUG o.a.s.s.web.ShiroFilterFactoryBean - Creating Shiro Filter instance.
08:43:00.015 [localhost-startStop-2] DEBUG o.a.s.s.LifecycleBeanPostProcessor - Destroying bean [securityManager]...
08:43:00.020 [localhost-startStop-2] DEBUG o.a.s.s.LifecycleBeanPostProcessor - Destroying bean [shiroEhcacheManager]...
08:43:08.357 [localhost-startStop-1] DEBUG o.a.s.s.LifecycleBeanPostProcessor - Initializing bean [loginRealm]...
08:43:08.361 [localhost-startStop-1] DEBUG o.a.shiro.realm.AuthorizingRealm - No authorizationCache instance set.  Checking for a cacheManager...
08:43:08.361 [localhost-startStop-1] INFO  o.a.shiro.realm.AuthorizingRealm - No cache or cacheManager properties have been set.  Authorization cache cannot be obtained.
08:43:08.399 [localhost-startStop-1] DEBUG o.a.s.s.LifecycleBeanPostProcessor - Initializing bean [shiroEhcacheManager]...
08:43:08.400 [localhost-startStop-1] DEBUG o.a.s.cache.ehcache.EhCacheManager - cacheManager property not set.  Constructing CacheManager instance... 
08:43:08.410 [localhost-startStop-1] DEBUG org.apache.shiro.io.ResourceUtils - Opening resource from class path [ehcache-shiro.xml]
08:43:08.545 [localhost-startStop-1] DEBUG o.a.s.cache.ehcache.EhCacheManager - implicit cacheManager created successfully.
08:43:08.546 [localhost-startStop-1] DEBUG o.a.shiro.realm.AuthorizingRealm - No authorizationCache instance set.  Checking for a cacheManager...
08:43:08.547 [localhost-startStop-1] DEBUG o.a.shiro.realm.AuthorizingRealm - CacheManager [org.apache.shiro.cache.ehcache.EhCacheManager@20e60ead] has been configured.  Building authorization cache named [platform.realm.LoginRealm.authorizationCache]
08:43:08.547 [localhost-startStop-1] INFO  o.a.s.cache.ehcache.EhCacheManager - Cache with name 'platform.realm.LoginRealm.authorizationCache' does not yet exist.  Creating now.
08:43:08.548 [localhost-startStop-1] INFO  o.a.s.cache.ehcache.EhCacheManager - Added EhCache named [platform.realm.LoginRealm.authorizationCache]
08:43:08.710 [localhost-startStop-1] WARN  o.hibernate.ejb.HibernatePersistence - HHH015016: Encountered a deprecated javax.persistence.spi.PersistenceProvider [org.hibernate.ejb.HibernatePersistence]; use [org.hibernate.jpa.HibernatePersistenceProvider] instead.
08:43:10.831 [localhost-startStop-1] DEBUG o.a.s.s.web.ShiroFilterFactoryBean - Creating Shiro Filter instance.
08:43:28.753 [localhost-startStop-2] DEBUG o.a.s.s.LifecycleBeanPostProcessor - Destroying bean [securityManager]...
08:43:28.759 [localhost-startStop-2] DEBUG o.a.s.s.LifecycleBeanPostProcessor - Destroying bean [shiroEhcacheManager]...
08:44:55.718 [localhost-startStop-1] DEBUG o.a.s.s.LifecycleBeanPostProcessor - Initializing bean [loginRealm]...
08:44:55.722 [localhost-startStop-1] DEBUG o.a.shiro.realm.AuthorizingRealm - No authorizationCache instance set.  Checking for a cacheManager...
08:44:55.722 [localhost-startStop-1] INFO  o.a.shiro.realm.AuthorizingRealm - No cache or cacheManager properties have been set.  Authorization cache cannot be obtained.
08:44:55.762 [localhost-startStop-1] DEBUG o.a.s.s.LifecycleBeanPostProcessor - Initializing bean [shiroEhcacheManager]...
08:44:55.763 [localhost-startStop-1] DEBUG o.a.s.cache.ehcache.EhCacheManager - cacheManager property not set.  Constructing CacheManager instance... 
08:44:55.773 [localhost-startStop-1] DEBUG org.apache.shiro.io.ResourceUtils - Opening resource from class path [ehcache-shiro.xml]
08:44:55.899 [localhost-startStop-1] DEBUG o.a.s.cache.ehcache.EhCacheManager - implicit cacheManager created successfully.
08:44:55.901 [localhost-startStop-1] DEBUG o.a.shiro.realm.AuthorizingRealm - No authorizationCache instance set.  Checking for a cacheManager...
08:44:55.901 [localhost-startStop-1] DEBUG o.a.shiro.realm.AuthorizingRealm - CacheManager [org.apache.shiro.cache.ehcache.EhCacheManager@7c45953f] has been configured.  Building authorization cache named [platform.realm.LoginRealm.authorizationCache]
08:44:55.901 [localhost-startStop-1] INFO  o.a.s.cache.ehcache.EhCacheManager - Cache with name 'platform.realm.LoginRealm.authorizationCache' does not yet exist.  Creating now.
08:44:55.903 [localhost-startStop-1] INFO  o.a.s.cache.ehcache.EhCacheManager - Added EhCache named [platform.realm.LoginRealm.authorizationCache]
08:44:56.087 [localhost-startStop-1] WARN  o.hibernate.ejb.HibernatePersistence - HHH015016: Encountered a deprecated javax.persistence.spi.PersistenceProvider [org.hibernate.ejb.HibernatePersistence]; use [org.hibernate.jpa.HibernatePersistenceProvider] instead.
08:44:58.308 [localhost-startStop-1] DEBUG o.a.s.s.web.ShiroFilterFactoryBean - Creating Shiro Filter instance.
08:45:08.981 [http-bio-8080-exec-3] ERROR demo.controller.DemoController - abc
08:45:21.153 [http-bio-8080-exec-5] ERROR demo.controller.DemoController - abc
08:46:07.744 [localhost-startStop-2] DEBUG o.a.s.s.LifecycleBeanPostProcessor - Destroying bean [securityManager]...
08:46:07.752 [localhost-startStop-2] DEBUG o.a.s.s.LifecycleBeanPostProcessor - Destroying bean [shiroEhcacheManager]...
08:46:21.279 [localhost-startStop-1] DEBUG o.a.s.s.LifecycleBeanPostProcessor - Initializing bean [loginRealm]...
08:46:21.284 [localhost-startStop-1] DEBUG o.a.shiro.realm.AuthorizingRealm - No authorizationCache instance set.  Checking for a cacheManager...
08:46:21.284 [localhost-startStop-1] INFO  o.a.shiro.realm.AuthorizingRealm - No cache or cacheManager properties have been set.  Authorization cache cannot be obtained.
08:46:21.336 [localhost-startStop-1] DEBUG o.a.s.s.LifecycleBeanPostProcessor - Initializing bean [shiroEhcacheManager]...
08:46:21.336 [localhost-startStop-1] DEBUG o.a.s.cache.ehcache.EhCacheManager - cacheManager property not set.  Constructing CacheManager instance... 
08:46:21.360 [localhost-startStop-1] DEBUG org.apache.shiro.io.ResourceUtils - Opening resource from class path [ehcache-shiro.xml]
08:46:21.552 [localhost-startStop-1] DEBUG o.a.s.cache.ehcache.EhCacheManager - implicit cacheManager created successfully.
08:46:21.555 [localhost-startStop-1] DEBUG o.a.shiro.realm.AuthorizingRealm - No authorizationCache instance set.  Checking for a cacheManager...
08:46:21.556 [localhost-startStop-1] DEBUG o.a.shiro.realm.AuthorizingRealm - CacheManager [org.apache.shiro.cache.ehcache.EhCacheManager@1eaaa621] has been configured.  Building authorization cache named [platform.realm.LoginRealm.authorizationCache]
08:46:21.556 [localhost-startStop-1] INFO  o.a.s.cache.ehcache.EhCacheManager - Cache with name 'platform.realm.LoginRealm.authorizationCache' does not yet exist.  Creating now.
08:46:21.557 [localhost-startStop-1] INFO  o.a.s.cache.ehcache.EhCacheManager - Added EhCache named [platform.realm.LoginRealm.authorizationCache]
08:46:21.759 [localhost-startStop-1] WARN  o.hibernate.ejb.HibernatePersistence - HHH015016: Encountered a deprecated javax.persistence.spi.PersistenceProvider [org.hibernate.ejb.HibernatePersistence]; use [org.hibernate.jpa.HibernatePersistenceProvider] instead.
08:46:24.188 [localhost-startStop-1] DEBUG o.a.s.s.web.ShiroFilterFactoryBean - Creating Shiro Filter instance.
08:46:35.183 [ContainerBackgroundProcessor[StandardEngine[Catalina]]] DEBUG o.a.s.s.LifecycleBeanPostProcessor - Destroying bean [securityManager]...
08:46:35.192 [ContainerBackgroundProcessor[StandardEngine[Catalina]]] DEBUG o.a.s.s.LifecycleBeanPostProcessor - Destroying bean [shiroEhcacheManager]...
08:46:37.778 [ContainerBackgroundProcessor[StandardEngine[Catalina]]] DEBUG o.a.s.s.LifecycleBeanPostProcessor - Initializing bean [loginRealm]...
08:46:37.783 [ContainerBackgroundProcessor[StandardEngine[Catalina]]] DEBUG o.a.shiro.realm.AuthorizingRealm - No authorizationCache instance set.  Checking for a cacheManager...
08:46:37.783 [ContainerBackgroundProcessor[StandardEngine[Catalina]]] INFO  o.a.shiro.realm.AuthorizingRealm - No cache or cacheManager properties have been set.  Authorization cache cannot be obtained.
08:46:37.855 [ContainerBackgroundProcessor[StandardEngine[Catalina]]] DEBUG o.a.s.s.LifecycleBeanPostProcessor - Initializing bean [shiroEhcacheManager]...
08:46:37.855 [ContainerBackgroundProcessor[StandardEngine[Catalina]]] DEBUG o.a.s.cache.ehcache.EhCacheManager - cacheManager property not set.  Constructing CacheManager instance... 
08:46:37.879 [ContainerBackgroundProcessor[StandardEngine[Catalina]]] DEBUG org.apache.shiro.io.ResourceUtils - Opening resource from class path [ehcache-shiro.xml]
08:46:38.065 [ContainerBackgroundProcessor[StandardEngine[Catalina]]] DEBUG o.a.s.cache.ehcache.EhCacheManager - implicit cacheManager created successfully.
08:46:38.067 [ContainerBackgroundProcessor[StandardEngine[Catalina]]] DEBUG o.a.shiro.realm.AuthorizingRealm - No authorizationCache instance set.  Checking for a cacheManager...
08:46:38.067 [ContainerBackgroundProcessor[StandardEngine[Catalina]]] DEBUG o.a.shiro.realm.AuthorizingRealm - CacheManager [org.apache.shiro.cache.ehcache.EhCacheManager@5ff76067] has been configured.  Building authorization cache named [platform.realm.LoginRealm.authorizationCache]
08:46:38.067 [ContainerBackgroundProcessor[StandardEngine[Catalina]]] INFO  o.a.s.cache.ehcache.EhCacheManager - Cache with name 'platform.realm.LoginRealm.authorizationCache' does not yet exist.  Creating now.
08:46:38.068 [ContainerBackgroundProcessor[StandardEngine[Catalina]]] INFO  o.a.s.cache.ehcache.EhCacheManager - Added EhCache named [platform.realm.LoginRealm.authorizationCache]
08:46:38.297 [ContainerBackgroundProcessor[StandardEngine[Catalina]]] WARN  o.hibernate.ejb.HibernatePersistence - HHH015016: Encountered a deprecated javax.persistence.spi.PersistenceProvider [org.hibernate.ejb.HibernatePersistence]; use [org.hibernate.jpa.HibernatePersistenceProvider] instead.
08:46:40.982 [ContainerBackgroundProcessor[StandardEngine[Catalina]]] DEBUG o.a.s.s.web.ShiroFilterFactoryBean - Creating Shiro Filter instance.
08:46:51.912 [http-bio-8080-exec-3] ERROR demo.controller.DemoController - abc
08:54:20.738 [localhost-startStop-1] DEBUG o.a.s.s.LifecycleBeanPostProcessor - Initializing bean [loginRealm]...
08:54:20.741 [localhost-startStop-1] DEBUG o.a.shiro.realm.AuthorizingRealm - No authorizationCache instance set.  Checking for a cacheManager...
08:54:20.742 [localhost-startStop-1] INFO  o.a.shiro.realm.AuthorizingRealm - No cache or cacheManager properties have been set.  Authorization cache cannot be obtained.
08:54:20.784 [localhost-startStop-1] DEBUG o.a.s.s.LifecycleBeanPostProcessor - Initializing bean [shiroEhcacheManager]...
08:54:20.785 [localhost-startStop-1] DEBUG o.a.s.cache.ehcache.EhCacheManager - cacheManager property not set.  Constructing CacheManager instance... 
08:54:20.802 [localhost-startStop-1] DEBUG org.apache.shiro.io.ResourceUtils - Opening resource from class path [ehcache-shiro.xml]
08:54:20.966 [localhost-startStop-1] DEBUG o.a.s.cache.ehcache.EhCacheManager - implicit cacheManager created successfully.
08:54:20.967 [localhost-startStop-1] DEBUG o.a.shiro.realm.AuthorizingRealm - No authorizationCache instance set.  Checking for a cacheManager...
08:54:20.968 [localhost-startStop-1] DEBUG o.a.shiro.realm.AuthorizingRealm - CacheManager [org.apache.shiro.cache.ehcache.EhCacheManager@7e6d677e] has been configured.  Building authorization cache named [platform.realm.LoginRealm.authorizationCache]
08:54:20.968 [localhost-startStop-1] INFO  o.a.s.cache.ehcache.EhCacheManager - Cache with name 'platform.realm.LoginRealm.authorizationCache' does not yet exist.  Creating now.
08:54:20.970 [localhost-startStop-1] INFO  o.a.s.cache.ehcache.EhCacheManager - Added EhCache named [platform.realm.LoginRealm.authorizationCache]
08:54:21.133 [localhost-startStop-1] WARN  o.hibernate.ejb.HibernatePersistence - HHH015016: Encountered a deprecated javax.persistence.spi.PersistenceProvider [org.hibernate.ejb.HibernatePersistence]; use [org.hibernate.jpa.HibernatePersistenceProvider] instead.
08:54:23.469 [localhost-startStop-1] DEBUG o.a.s.s.web.ShiroFilterFactoryBean - Creating Shiro Filter instance.
08:54:37.311 [http-bio-8080-exec-4] ERROR demo.controller.DemoController - abc
08:55:10.469 [localhost-startStop-2] DEBUG o.a.s.s.LifecycleBeanPostProcessor - Destroying bean [securityManager]...
08:55:10.495 [localhost-startStop-2] DEBUG o.a.s.s.LifecycleBeanPostProcessor - Destroying bean [shiroEhcacheManager]...
19:40:53.347 [localhost-startStop-1] DEBUG o.a.s.s.LifecycleBeanPostProcessor - Initializing bean [loginRealm]...
19:40:53.354 [localhost-startStop-1] DEBUG o.a.shiro.realm.AuthorizingRealm - No authorizationCache instance set.  Checking for a cacheManager...
19:40:53.354 [localhost-startStop-1] INFO  o.a.shiro.realm.AuthorizingRealm - No cache or cacheManager properties have been set.  Authorization cache cannot be obtained.
19:40:53.393 [localhost-startStop-1] DEBUG o.a.s.s.LifecycleBeanPostProcessor - Initializing bean [shiroEhcacheManager]...
19:40:53.393 [localhost-startStop-1] DEBUG o.a.s.cache.ehcache.EhCacheManager - cacheManager property not set.  Constructing CacheManager instance... 
19:40:53.408 [localhost-startStop-1] DEBUG org.apache.shiro.io.ResourceUtils - Opening resource from class path [ehcache-shiro.xml]
19:40:53.583 [localhost-startStop-1] DEBUG o.a.s.cache.ehcache.EhCacheManager - implicit cacheManager created successfully.
19:40:53.585 [localhost-startStop-1] DEBUG o.a.shiro.realm.AuthorizingRealm - No authorizationCache instance set.  Checking for a cacheManager...
19:40:53.585 [localhost-startStop-1] DEBUG o.a.shiro.realm.AuthorizingRealm - CacheManager [org.apache.shiro.cache.ehcache.EhCacheManager@77cae78d] has been configured.  Building authorization cache named [platform.security.LoginRealm.authorizationCache]
19:40:53.586 [localhost-startStop-1] INFO  o.a.s.cache.ehcache.EhCacheManager - Cache with name 'platform.security.LoginRealm.authorizationCache' does not yet exist.  Creating now.
19:40:53.587 [localhost-startStop-1] INFO  o.a.s.cache.ehcache.EhCacheManager - Added EhCache named [platform.security.LoginRealm.authorizationCache]
19:40:53.827 [localhost-startStop-1] WARN  o.hibernate.ejb.HibernatePersistence - HHH015016: Encountered a deprecated javax.persistence.spi.PersistenceProvider [org.hibernate.ejb.HibernatePersistence]; use [org.hibernate.jpa.HibernatePersistenceProvider] instead.
19:40:55.149 [localhost-startStop-1] WARN  o.h.e.jdbc.internal.JdbcServicesImpl - HHH000342: Could not obtain connection to query metadata : Communications link failure

The last packet sent successfully to the server was 0 milliseconds ago. The driver has not received any packets from the server.
19:40:55.158 [localhost-startStop-1] WARN  o.s.w.c.s.XmlWebApplicationContext - Exception encountered during context initialization - cancelling refresh attempt
org.springframework.beans.factory.BeanCreationException: Error creating bean with name 'entityManagerFactory' defined in class path resource [applicationContext.xml]: Invocation of init method failed; nested exception is org.hibernate.HibernateException: Access to DialectResolutionInfo cannot be null when 'hibernate.dialect' not set
	at org.springframework.beans.factory.support.AbstractAutowireCapableBeanFactory.initializeBean(AbstractAutowireCapableBeanFactory.java:1554)
	at org.springframework.beans.factory.support.AbstractAutowireCapableBeanFactory.doCreateBean(AbstractAutowireCapableBeanFactory.java:539)
	at org.springframework.beans.factory.support.AbstractAutowireCapableBeanFactory.createBean(AbstractAutowireCapableBeanFactory.java:475)
	at org.springframework.beans.factory.support.AbstractBeanFactory$1.getObject(AbstractBeanFactory.java:302)
	at org.springframework.beans.factory.support.DefaultSingletonBeanRegistry.getSingleton(DefaultSingletonBeanRegistry.java:229)
	at org.springframework.beans.factory.support.AbstractBeanFactory.doGetBean(AbstractBeanFactory.java:298)
	at org.springframework.beans.factory.support.AbstractBeanFactory.getBean(AbstractBeanFactory.java:193)
	at org.springframework.context.support.AbstractApplicationContext.getBean(AbstractApplicationContext.java:975)
	at org.springframework.context.support.AbstractApplicationContext.finishBeanFactoryInitialization(AbstractApplicationContext.java:752)
	at org.springframework.context.support.AbstractApplicationContext.refresh(AbstractApplicationContext.java:482)
	at org.springframework.web.context.ContextLoader.configureAndRefreshWebApplicationContext(ContextLoader.java:403)
	at org.springframework.web.context.ContextLoader.initWebApplicationContext(ContextLoader.java:306)
	at org.springframework.web.context.ContextLoaderListener.contextInitialized(ContextLoaderListener.java:106)
	at org.apache.catalina.core.StandardContext.listenerStart(StandardContext.java:5003)
	at org.apache.catalina.core.StandardContext.startInternal(StandardContext.java:5517)
	at org.apache.catalina.util.LifecycleBase.start(LifecycleBase.java:150)
	at org.apache.catalina.core.ContainerBase$StartChild.call(ContainerBase.java:1574)
	at org.apache.catalina.core.ContainerBase$StartChild.call(ContainerBase.java:1564)
	at java.util.concurrent.FutureTask.run(FutureTask.java:266)
	at java.util.concurrent.ThreadPoolExecutor.runWorker(ThreadPoolExecutor.java:1142)
	at java.util.concurrent.ThreadPoolExecutor$Worker.run(ThreadPoolExecutor.java:617)
	at java.lang.Thread.run(Thread.java:745)
Caused by: org.hibernate.HibernateException: Access to DialectResolutionInfo cannot be null when 'hibernate.dialect' not set
	at org.hibernate.engine.jdbc.dialect.internal.DialectFactoryImpl.determineDialect(DialectFactoryImpl.java:104)
	at org.hibernate.engine.jdbc.dialect.internal.DialectFactoryImpl.buildDialect(DialectFactoryImpl.java:71)
	at org.hibernate.engine.jdbc.internal.JdbcServicesImpl.configure(JdbcServicesImpl.java:205)
	at org.hibernate.boot.registry.internal.StandardServiceRegistryImpl.configureService(StandardServiceRegistryImpl.java:89)
	at org.hibernate.service.internal.AbstractServiceRegistryImpl.initializeService(AbstractServiceRegistryImpl.java:206)
	at org.hibernate.service.internal.AbstractServiceRegistryImpl.getService(AbstractServiceRegistryImpl.java:178)
	at org.hibernate.cfg.Configuration.buildTypeRegistrations(Configuration.java:1885)
	at org.hibernate.cfg.Configuration.buildSessionFactory(Configuration.java:1843)
	at org.hibernate.jpa.boot.internal.EntityManagerFactoryBuilderImpl$4.perform(EntityManagerFactoryBuilderImpl.java:850)
	at org.hibernate.jpa.boot.internal.EntityManagerFactoryBuilderImpl$4.perform(EntityManagerFactoryBuilderImpl.java:843)
	at org.hibernate.boot.registry.classloading.internal.ClassLoaderServiceImpl.withTccl(ClassLoaderServiceImpl.java:397)
	at org.hibernate.jpa.boot.internal.EntityManagerFactoryBuilderImpl.build(EntityManagerFactoryBuilderImpl.java:842)
	at org.hibernate.jpa.HibernatePersistenceProvider.createContainerEntityManagerFactory(HibernatePersistenceProvider.java:150)
	at org.hibernate.ejb.HibernatePersistence.createContainerEntityManagerFactory(HibernatePersistence.java:67)
	at org.springframework.orm.jpa.LocalContainerEntityManagerFactoryBean.createNativeEntityManagerFactory(LocalContainerEntityManagerFactoryBean.java:338)
	at org.springframework.orm.jpa.AbstractEntityManagerFactoryBean.afterPropertiesSet(AbstractEntityManagerFactoryBean.java:318)
	at org.springframework.beans.factory.support.AbstractAutowireCapableBeanFactory.invokeInitMethods(AbstractAutowireCapableBeanFactory.java:1613)
	at org.springframework.beans.factory.support.AbstractAutowireCapableBeanFactory.initializeBean(AbstractAutowireCapableBeanFactory.java:1550)
	... 21 common frames omitted
19:40:55.175 [localhost-startStop-1] DEBUG o.a.s.s.LifecycleBeanPostProcessor - Destroying bean [securityManager]...
19:40:55.183 [localhost-startStop-1] DEBUG o.a.s.s.LifecycleBeanPostProcessor - Destroying bean [shiroEhcacheManager]...
19:40:55.183 [localhost-startStop-1] ERROR o.s.web.context.ContextLoader - Context initialization failed
org.springframework.beans.factory.BeanCreationException: Error creating bean with name 'entityManagerFactory' defined in class path resource [applicationContext.xml]: Invocation of init method failed; nested exception is org.hibernate.HibernateException: Access to DialectResolutionInfo cannot be null when 'hibernate.dialect' not set
	at org.springframework.beans.factory.support.AbstractAutowireCapableBeanFactory.initializeBean(AbstractAutowireCapableBeanFactory.java:1554)
	at org.springframework.beans.factory.support.AbstractAutowireCapableBeanFactory.doCreateBean(AbstractAutowireCapableBeanFactory.java:539)
	at org.springframework.beans.factory.support.AbstractAutowireCapableBeanFactory.createBean(AbstractAutowireCapableBeanFactory.java:475)
	at org.springframework.beans.factory.support.AbstractBeanFactory$1.getObject(AbstractBeanFactory.java:302)
	at org.springframework.beans.factory.support.DefaultSingletonBeanRegistry.getSingleton(DefaultSingletonBeanRegistry.java:229)
	at org.springframework.beans.factory.support.AbstractBeanFactory.doGetBean(AbstractBeanFactory.java:298)
	at org.springframework.beans.factory.support.AbstractBeanFactory.getBean(AbstractBeanFactory.java:193)
	at org.springframework.context.support.AbstractApplicationContext.getBean(AbstractApplicationContext.java:975)
	at org.springframework.context.support.AbstractApplicationContext.finishBeanFactoryInitialization(AbstractApplicationContext.java:752)
	at org.springframework.context.support.AbstractApplicationContext.refresh(AbstractApplicationContext.java:482)
	at org.springframework.web.context.ContextLoader.configureAndRefreshWebApplicationContext(ContextLoader.java:403)
	at org.springframework.web.context.ContextLoader.initWebApplicationContext(ContextLoader.java:306)
	at org.springframework.web.context.ContextLoaderListener.contextInitialized(ContextLoaderListener.java:106)
	at org.apache.catalina.core.StandardContext.listenerStart(StandardContext.java:5003)
	at org.apache.catalina.core.StandardContext.startInternal(StandardContext.java:5517)
	at org.apache.catalina.util.LifecycleBase.start(LifecycleBase.java:150)
	at org.apache.catalina.core.ContainerBase$StartChild.call(ContainerBase.java:1574)
	at org.apache.catalina.core.ContainerBase$StartChild.call(ContainerBase.java:1564)
	at java.util.concurrent.FutureTask.run(FutureTask.java:266)
	at java.util.concurrent.ThreadPoolExecutor.runWorker(ThreadPoolExecutor.java:1142)
	at java.util.concurrent.ThreadPoolExecutor$Worker.run(ThreadPoolExecutor.java:617)
	at java.lang.Thread.run(Thread.java:745)
Caused by: org.hibernate.HibernateException: Access to DialectResolutionInfo cannot be null when 'hibernate.dialect' not set
	at org.hibernate.engine.jdbc.dialect.internal.DialectFactoryImpl.determineDialect(DialectFactoryImpl.java:104)
	at org.hibernate.engine.jdbc.dialect.internal.DialectFactoryImpl.buildDialect(DialectFactoryImpl.java:71)
	at org.hibernate.engine.jdbc.internal.JdbcServicesImpl.configure(JdbcServicesImpl.java:205)
	at org.hibernate.boot.registry.internal.StandardServiceRegistryImpl.configureService(StandardServiceRegistryImpl.java:89)
	at org.hibernate.service.internal.AbstractServiceRegistryImpl.initializeService(AbstractServiceRegistryImpl.java:206)
	at org.hibernate.service.internal.AbstractServiceRegistryImpl.getService(AbstractServiceRegistryImpl.java:178)
	at org.hibernate.cfg.Configuration.buildTypeRegistrations(Configuration.java:1885)
	at org.hibernate.cfg.Configuration.buildSessionFactory(Configuration.java:1843)
	at org.hibernate.jpa.boot.internal.EntityManagerFactoryBuilderImpl$4.perform(EntityManagerFactoryBuilderImpl.java:850)
	at org.hibernate.jpa.boot.internal.EntityManagerFactoryBuilderImpl$4.perform(EntityManagerFactoryBuilderImpl.java:843)
	at org.hibernate.boot.registry.classloading.internal.ClassLoaderServiceImpl.withTccl(ClassLoaderServiceImpl.java:397)
	at org.hibernate.jpa.boot.internal.EntityManagerFactoryBuilderImpl.build(EntityManagerFactoryBuilderImpl.java:842)
	at org.hibernate.jpa.HibernatePersistenceProvider.createContainerEntityManagerFactory(HibernatePersistenceProvider.java:150)
	at org.hibernate.ejb.HibernatePersistence.createContainerEntityManagerFactory(HibernatePersistence.java:67)
	at org.springframework.orm.jpa.LocalContainerEntityManagerFactoryBean.createNativeEntityManagerFactory(LocalContainerEntityManagerFactoryBean.java:338)
	at org.springframework.orm.jpa.AbstractEntityManagerFactoryBean.afterPropertiesSet(AbstractEntityManagerFactoryBean.java:318)
	at org.springframework.beans.factory.support.AbstractAutowireCapableBeanFactory.invokeInitMethods(AbstractAutowireCapableBeanFactory.java:1613)
	at org.springframework.beans.factory.support.AbstractAutowireCapableBeanFactory.initializeBean(AbstractAutowireCapableBeanFactory.java:1550)
	... 21 common frames omitted
19:42:34.290 [localhost-startStop-1] DEBUG o.a.s.s.LifecycleBeanPostProcessor - Initializing bean [loginRealm]...
19:42:34.294 [localhost-startStop-1] DEBUG o.a.shiro.realm.AuthorizingRealm - No authorizationCache instance set.  Checking for a cacheManager...
19:42:34.295 [localhost-startStop-1] INFO  o.a.shiro.realm.AuthorizingRealm - No cache or cacheManager properties have been set.  Authorization cache cannot be obtained.
19:42:34.332 [localhost-startStop-1] DEBUG o.a.s.s.LifecycleBeanPostProcessor - Initializing bean [shiroEhcacheManager]...
19:42:34.335 [localhost-startStop-1] DEBUG o.a.s.cache.ehcache.EhCacheManager - cacheManager property not set.  Constructing CacheManager instance... 
19:42:34.346 [localhost-startStop-1] DEBUG org.apache.shiro.io.ResourceUtils - Opening resource from class path [ehcache-shiro.xml]
19:42:34.500 [localhost-startStop-1] DEBUG o.a.s.cache.ehcache.EhCacheManager - implicit cacheManager created successfully.
19:42:34.503 [localhost-startStop-1] DEBUG o.a.shiro.realm.AuthorizingRealm - No authorizationCache instance set.  Checking for a cacheManager...
19:42:34.504 [localhost-startStop-1] DEBUG o.a.shiro.realm.AuthorizingRealm - CacheManager [org.apache.shiro.cache.ehcache.EhCacheManager@644a5e13] has been configured.  Building authorization cache named [platform.security.LoginRealm.authorizationCache]
19:42:34.505 [localhost-startStop-1] INFO  o.a.s.cache.ehcache.EhCacheManager - Cache with name 'platform.security.LoginRealm.authorizationCache' does not yet exist.  Creating now.
19:42:34.508 [localhost-startStop-1] INFO  o.a.s.cache.ehcache.EhCacheManager - Added EhCache named [platform.security.LoginRealm.authorizationCache]
19:42:34.841 [localhost-startStop-1] WARN  o.hibernate.ejb.HibernatePersistence - HHH015016: Encountered a deprecated javax.persistence.spi.PersistenceProvider [org.hibernate.ejb.HibernatePersistence]; use [org.hibernate.jpa.HibernatePersistenceProvider] instead.
19:42:38.358 [localhost-startStop-1] DEBUG o.a.s.s.web.ShiroFilterFactoryBean - Creating Shiro Filter instance.
19:42:38.396 [localhost-startStop-1] DEBUG o.a.s.s.LifecycleBeanPostProcessor - Destroying bean [securityManager]...
19:42:38.401 [localhost-startStop-1] DEBUG o.a.s.s.LifecycleBeanPostProcessor - Destroying bean [shiroEhcacheManager]...
19:43:47.633 [localhost-startStop-1] DEBUG o.a.s.s.LifecycleBeanPostProcessor - Initializing bean [loginRealm]...
19:43:47.636 [localhost-startStop-1] DEBUG o.a.shiro.realm.AuthorizingRealm - No authorizationCache instance set.  Checking for a cacheManager...
19:43:47.636 [localhost-startStop-1] INFO  o.a.shiro.realm.AuthorizingRealm - No cache or cacheManager properties have been set.  Authorization cache cannot be obtained.
19:43:47.676 [localhost-startStop-1] DEBUG o.a.s.s.LifecycleBeanPostProcessor - Initializing bean [shiroEhcacheManager]...
19:43:47.676 [localhost-startStop-1] DEBUG o.a.s.cache.ehcache.EhCacheManager - cacheManager property not set.  Constructing CacheManager instance... 
19:43:47.687 [localhost-startStop-1] DEBUG org.apache.shiro.io.ResourceUtils - Opening resource from class path [ehcache-shiro.xml]
19:43:47.846 [localhost-startStop-1] DEBUG o.a.s.cache.ehcache.EhCacheManager - implicit cacheManager created successfully.
19:43:47.847 [localhost-startStop-1] DEBUG o.a.shiro.realm.AuthorizingRealm - No authorizationCache instance set.  Checking for a cacheManager...
19:43:47.848 [localhost-startStop-1] DEBUG o.a.shiro.realm.AuthorizingRealm - CacheManager [org.apache.shiro.cache.ehcache.EhCacheManager@6c14a5a9] has been configured.  Building authorization cache named [platform.security.LoginRealm.authorizationCache]
19:43:47.848 [localhost-startStop-1] INFO  o.a.s.cache.ehcache.EhCacheManager - Cache with name 'platform.security.LoginRealm.authorizationCache' does not yet exist.  Creating now.
19:43:47.852 [localhost-startStop-1] INFO  o.a.s.cache.ehcache.EhCacheManager - Added EhCache named [platform.security.LoginRealm.authorizationCache]
19:43:48.042 [localhost-startStop-1] WARN  o.hibernate.ejb.HibernatePersistence - HHH015016: Encountered a deprecated javax.persistence.spi.PersistenceProvider [org.hibernate.ejb.HibernatePersistence]; use [org.hibernate.jpa.HibernatePersistenceProvider] instead.
19:43:50.248 [localhost-startStop-1] DEBUG o.a.s.s.web.ShiroFilterFactoryBean - Creating Shiro Filter instance.
19:44:04.119 [http-bio-8080-exec-4] ERROR demo.controller.DemoController - abc
19:44:30.265 [http-bio-8080-exec-7] ERROR demo.controller.DemoController - abc
19:44:40.144 [localhost-startStop-2] DEBUG o.a.s.s.LifecycleBeanPostProcessor - Destroying bean [securityManager]...
19:44:40.168 [localhost-startStop-2] DEBUG o.a.s.s.LifecycleBeanPostProcessor - Destroying bean [shiroEhcacheManager]...
20:18:26.174 [localhost-startStop-1] DEBUG o.a.s.s.LifecycleBeanPostProcessor - Initializing bean [loginRealm]...
20:18:26.180 [localhost-startStop-1] DEBUG o.a.shiro.realm.AuthorizingRealm - No authorizationCache instance set.  Checking for a cacheManager...
20:18:26.180 [localhost-startStop-1] INFO  o.a.shiro.realm.AuthorizingRealm - No cache or cacheManager properties have been set.  Authorization cache cannot be obtained.
20:18:26.220 [localhost-startStop-1] DEBUG o.a.s.s.LifecycleBeanPostProcessor - Initializing bean [shiroEhcacheManager]...
20:18:26.220 [localhost-startStop-1] DEBUG o.a.s.cache.ehcache.EhCacheManager - cacheManager property not set.  Constructing CacheManager instance... 
20:18:26.233 [localhost-startStop-1] DEBUG org.apache.shiro.io.ResourceUtils - Opening resource from class path [ehcache-shiro.xml]
20:18:26.379 [localhost-startStop-1] DEBUG o.a.s.cache.ehcache.EhCacheManager - implicit cacheManager created successfully.
20:18:26.381 [localhost-startStop-1] DEBUG o.a.shiro.realm.AuthorizingRealm - No authorizationCache instance set.  Checking for a cacheManager...
20:18:26.381 [localhost-startStop-1] DEBUG o.a.shiro.realm.AuthorizingRealm - CacheManager [org.apache.shiro.cache.ehcache.EhCacheManager@23b7ec69] has been configured.  Building authorization cache named [platform.security.LoginRealm.authorizationCache]
20:18:26.382 [localhost-startStop-1] INFO  o.a.s.cache.ehcache.EhCacheManager - Cache with name 'platform.security.LoginRealm.authorizationCache' does not yet exist.  Creating now.
20:18:26.383 [localhost-startStop-1] INFO  o.a.s.cache.ehcache.EhCacheManager - Added EhCache named [platform.security.LoginRealm.authorizationCache]
20:18:26.575 [localhost-startStop-1] WARN  o.hibernate.ejb.HibernatePersistence - HHH015016: Encountered a deprecated javax.persistence.spi.PersistenceProvider [org.hibernate.ejb.HibernatePersistence]; use [org.hibernate.jpa.HibernatePersistenceProvider] instead.
20:18:30.045 [localhost-startStop-1] DEBUG o.a.s.s.web.ShiroFilterFactoryBean - Creating Shiro Filter instance.
20:18:43.951 [http-bio-8080-exec-6] ERROR demo.controller.DemoController - abc
20:18:45.468 [http-bio-8080-exec-8] ERROR demo.controller.DemoController - abc
20:18:52.514 [http-bio-8080-exec-9] ERROR demo.controller.DemoController - abc
20:19:03.831 [localhost-startStop-2] DEBUG o.a.s.s.LifecycleBeanPostProcessor - Destroying bean [securityManager]...
20:19:03.835 [localhost-startStop-2] DEBUG o.a.s.s.LifecycleBeanPostProcessor - Destroying bean [shiroEhcacheManager]...
20:20:24.037 [localhost-startStop-1] DEBUG o.a.s.s.LifecycleBeanPostProcessor - Initializing bean [loginRealm]...
20:20:24.040 [localhost-startStop-1] DEBUG o.a.shiro.realm.AuthorizingRealm - No authorizationCache instance set.  Checking for a cacheManager...
20:20:24.040 [localhost-startStop-1] INFO  o.a.shiro.realm.AuthorizingRealm - No cache or cacheManager properties have been set.  Authorization cache cannot be obtained.
20:20:24.073 [localhost-startStop-1] DEBUG o.a.s.s.LifecycleBeanPostProcessor - Initializing bean [shiroEhcacheManager]...
20:20:24.073 [localhost-startStop-1] DEBUG o.a.s.cache.ehcache.EhCacheManager - cacheManager property not set.  Constructing CacheManager instance... 
20:20:24.085 [localhost-startStop-1] DEBUG org.apache.shiro.io.ResourceUtils - Opening resource from class path [ehcache-shiro.xml]
20:20:24.219 [localhost-startStop-1] DEBUG o.a.s.cache.ehcache.EhCacheManager - implicit cacheManager created successfully.
20:20:24.221 [localhost-startStop-1] DEBUG o.a.shiro.realm.AuthorizingRealm - No authorizationCache instance set.  Checking for a cacheManager...
20:20:24.222 [localhost-startStop-1] DEBUG o.a.shiro.realm.AuthorizingRealm - CacheManager [org.apache.shiro.cache.ehcache.EhCacheManager@6e64eea4] has been configured.  Building authorization cache named [platform.security.LoginRealm.authorizationCache]
20:20:24.222 [localhost-startStop-1] INFO  o.a.s.cache.ehcache.EhCacheManager - Cache with name 'platform.security.LoginRealm.authorizationCache' does not yet exist.  Creating now.
20:20:24.224 [localhost-startStop-1] INFO  o.a.s.cache.ehcache.EhCacheManager - Added EhCache named [platform.security.LoginRealm.authorizationCache]
20:20:24.388 [localhost-startStop-1] WARN  o.hibernate.ejb.HibernatePersistence - HHH015016: Encountered a deprecated javax.persistence.spi.PersistenceProvider [org.hibernate.ejb.HibernatePersistence]; use [org.hibernate.jpa.HibernatePersistenceProvider] instead.
20:20:26.556 [localhost-startStop-1] DEBUG o.a.s.s.web.ShiroFilterFactoryBean - Creating Shiro Filter instance.
20:21:26.463 [localhost-startStop-2] DEBUG o.a.s.s.LifecycleBeanPostProcessor - Destroying bean [securityManager]...
20:21:26.469 [localhost-startStop-2] DEBUG o.a.s.s.LifecycleBeanPostProcessor - Destroying bean [shiroEhcacheManager]...
20:21:50.107 [localhost-startStop-1] DEBUG o.a.s.s.LifecycleBeanPostProcessor - Initializing bean [loginRealm]...
20:21:50.111 [localhost-startStop-1] DEBUG o.a.shiro.realm.AuthorizingRealm - No authorizationCache instance set.  Checking for a cacheManager...
20:21:50.111 [localhost-startStop-1] INFO  o.a.shiro.realm.AuthorizingRealm - No cache or cacheManager properties have been set.  Authorization cache cannot be obtained.
20:21:50.146 [localhost-startStop-1] DEBUG o.a.s.s.LifecycleBeanPostProcessor - Initializing bean [shiroEhcacheManager]...
20:21:50.146 [localhost-startStop-1] DEBUG o.a.s.cache.ehcache.EhCacheManager - cacheManager property not set.  Constructing CacheManager instance... 
20:21:50.159 [localhost-startStop-1] DEBUG org.apache.shiro.io.ResourceUtils - Opening resource from class path [ehcache-shiro.xml]
20:21:50.390 [localhost-startStop-1] DEBUG o.a.s.cache.ehcache.EhCacheManager - implicit cacheManager created successfully.
20:21:50.392 [localhost-startStop-1] DEBUG o.a.shiro.realm.AuthorizingRealm - No authorizationCache instance set.  Checking for a cacheManager...
20:21:50.392 [localhost-startStop-1] DEBUG o.a.shiro.realm.AuthorizingRealm - CacheManager [org.apache.shiro.cache.ehcache.EhCacheManager@3909451c] has been configured.  Building authorization cache named [platform.security.LoginRealm.authorizationCache]
20:21:50.392 [localhost-startStop-1] INFO  o.a.s.cache.ehcache.EhCacheManager - Cache with name 'platform.security.LoginRealm.authorizationCache' does not yet exist.  Creating now.
20:21:50.393 [localhost-startStop-1] INFO  o.a.s.cache.ehcache.EhCacheManager - Added EhCache named [platform.security.LoginRealm.authorizationCache]
20:21:50.550 [localhost-startStop-1] WARN  o.hibernate.ejb.HibernatePersistence - HHH015016: Encountered a deprecated javax.persistence.spi.PersistenceProvider [org.hibernate.ejb.HibernatePersistence]; use [org.hibernate.jpa.HibernatePersistenceProvider] instead.
20:21:52.513 [localhost-startStop-1] DEBUG o.a.s.s.web.ShiroFilterFactoryBean - Creating Shiro Filter instance.
20:21:52.529 [localhost-startStop-1] DEBUG o.a.s.w.f.m.DefaultFilterChainManager - Creating chain [/login/validate] from String definition [anon]
20:21:52.530 [localhost-startStop-1] DEBUG o.a.s.w.f.m.DefaultFilterChainManager - Attempting to apply path [/login/validate] to filter [anon] with config [null]
20:21:52.532 [localhost-startStop-1] DEBUG o.a.s.w.f.m.DefaultFilterChainManager - Creating chain [/resources/**] from String definition [anon]
20:21:52.532 [localhost-startStop-1] DEBUG o.a.s.w.f.m.DefaultFilterChainManager - Attempting to apply path [/resources/**] to filter [anon] with config [null]
20:21:52.532 [localhost-startStop-1] DEBUG o.a.s.w.f.m.DefaultFilterChainManager - Creating chain [/**] from String definition [authc]
20:21:52.532 [localhost-startStop-1] DEBUG o.a.s.w.f.m.DefaultFilterChainManager - Attempting to apply path [/**] to filter [authc] with config [null]
20:22:14.154 [http-bio-8080-exec-7] DEBUG o.a.shiro.realm.AuthenticatingRealm - Looked up AuthenticationInfo [admin] from doGetAuthenticationInfo
20:22:14.154 [http-bio-8080-exec-7] DEBUG o.a.shiro.realm.AuthenticatingRealm - AuthenticationInfo caching is disabled for info [admin].  Submitted token: [org.apache.shiro.authc.UsernamePasswordToken - admin, rememberMe=false].
20:22:14.155 [http-bio-8080-exec-7] DEBUG o.a.s.a.c.SimpleCredentialsMatcher - Performing credentials equality check for tokenCredentials of type [[C and accountCredentials of type [[C]
20:22:14.155 [http-bio-8080-exec-7] DEBUG o.a.s.a.c.SimpleCredentialsMatcher - Both credentials arguments can be easily converted to byte arrays.  Performing array equals comparison
20:22:14.155 [http-bio-8080-exec-7] DEBUG o.a.s.authc.AbstractAuthenticator - Authentication successful for token [org.apache.shiro.authc.UsernamePasswordToken - admin, rememberMe=false].  Returned account [admin]
20:22:14.156 [http-bio-8080-exec-7] DEBUG o.a.s.s.s.DefaultSubjectContext - No SecurityManager available in subject context map.  Falling back to SecurityUtils.getSecurityManager() lookup.
20:22:14.156 [http-bio-8080-exec-7] DEBUG o.a.shiro.mgt.DefaultSecurityManager - Context already contains a session.  Returning.
20:22:14.156 [http-bio-8080-exec-7] DEBUG o.a.s.s.s.DefaultSubjectContext - No SecurityManager available in subject context map.  Falling back to SecurityUtils.getSecurityManager() lookup.
20:22:14.157 [http-bio-8080-exec-7] DEBUG o.a.shiro.web.servlet.SimpleCookie - Added HttpServletResponse Cookie [rememberMe=deleteMe; Path=/WebApp; Max-Age=0; Expires=Sat, 21-May-2016 12:22:14 GMT]
20:22:14.157 [http-bio-8080-exec-7] DEBUG o.a.s.mgt.AbstractRememberMeManager - AuthenticationToken did not indicate RememberMe is requested.  RememberMe functionality will not be executed for corresponding account.
20:22:14.290 [http-bio-8080-exec-7] ERROR demo.controller.DemoController - abc
20:22:26.108 [http-bio-8080-exec-10] ERROR demo.controller.DemoController - abc
20:22:27.128 [http-bio-8080-exec-10] ERROR demo.controller.DemoController - abc
20:22:27.389 [http-bio-8080-exec-10] DEBUG o.a.shiro.realm.AuthenticatingRealm - Looked up AuthenticationInfo [admin] from doGetAuthenticationInfo
20:22:27.389 [http-bio-8080-exec-10] DEBUG o.a.shiro.realm.AuthenticatingRealm - AuthenticationInfo caching is disabled for info [admin].  Submitted token: [org.apache.shiro.authc.UsernamePasswordToken - admin, rememberMe=false].
20:22:27.389 [http-bio-8080-exec-10] DEBUG o.a.s.a.c.SimpleCredentialsMatcher - Performing credentials equality check for tokenCredentials of type [[C and accountCredentials of type [[C]
20:22:27.389 [http-bio-8080-exec-10] DEBUG o.a.s.a.c.SimpleCredentialsMatcher - Both credentials arguments can be easily converted to byte arrays.  Performing array equals comparison
20:22:27.389 [http-bio-8080-exec-10] DEBUG o.a.s.authc.AbstractAuthenticator - Authentication successful for token [org.apache.shiro.authc.UsernamePasswordToken - admin, rememberMe=false].  Returned account [admin]
20:22:27.389 [http-bio-8080-exec-10] DEBUG o.a.s.s.s.DefaultSubjectContext - No SecurityManager available in subject context map.  Falling back to SecurityUtils.getSecurityManager() lookup.
20:22:27.390 [http-bio-8080-exec-10] DEBUG o.a.shiro.mgt.DefaultSecurityManager - Context already contains a session.  Returning.
20:22:27.390 [http-bio-8080-exec-10] DEBUG o.a.s.s.s.DefaultSubjectContext - No SecurityManager available in subject context map.  Falling back to SecurityUtils.getSecurityManager() lookup.
20:22:27.390 [http-bio-8080-exec-10] DEBUG o.a.shiro.web.servlet.SimpleCookie - Added HttpServletResponse Cookie [rememberMe=deleteMe; Path=/WebApp; Max-Age=0; Expires=Sat, 21-May-2016 12:22:27 GMT]
20:22:27.390 [http-bio-8080-exec-10] DEBUG o.a.s.mgt.AbstractRememberMeManager - AuthenticationToken did not indicate RememberMe is requested.  RememberMe functionality will not be executed for corresponding account.
20:22:27.401 [http-bio-8080-exec-4] ERROR demo.controller.DemoController - abc
20:22:31.826 [http-bio-8080-exec-7] DEBUG o.a.shiro.realm.AuthenticatingRealm - Looked up AuthenticationInfo [] from doGetAuthenticationInfo
20:22:31.826 [http-bio-8080-exec-7] DEBUG o.a.shiro.realm.AuthenticatingRealm - AuthenticationInfo caching is disabled for info [].  Submitted token: [org.apache.shiro.authc.UsernamePasswordToken - , rememberMe=false].
20:22:31.826 [http-bio-8080-exec-7] DEBUG o.a.s.a.c.SimpleCredentialsMatcher - Performing credentials equality check for tokenCredentials of type [[C and accountCredentials of type [[C]
20:22:31.826 [http-bio-8080-exec-7] DEBUG o.a.s.a.c.SimpleCredentialsMatcher - Both credentials arguments can be easily converted to byte arrays.  Performing array equals comparison
20:22:31.826 [http-bio-8080-exec-7] DEBUG o.a.s.authc.AbstractAuthenticator - Authentication successful for token [org.apache.shiro.authc.UsernamePasswordToken - , rememberMe=false].  Returned account []
20:22:31.826 [http-bio-8080-exec-7] DEBUG o.a.s.s.s.DefaultSubjectContext - No SecurityManager available in subject context map.  Falling back to SecurityUtils.getSecurityManager() lookup.
20:22:31.826 [http-bio-8080-exec-7] DEBUG o.a.shiro.mgt.DefaultSecurityManager - Context already contains a session.  Returning.
20:22:31.826 [http-bio-8080-exec-7] DEBUG o.a.s.s.s.DefaultSubjectContext - No SecurityManager available in subject context map.  Falling back to SecurityUtils.getSecurityManager() lookup.
20:22:31.826 [http-bio-8080-exec-7] DEBUG o.a.shiro.web.servlet.SimpleCookie - Added HttpServletResponse Cookie [rememberMe=deleteMe; Path=/WebApp; Max-Age=0; Expires=Sat, 21-May-2016 12:22:31 GMT]
20:22:31.826 [http-bio-8080-exec-7] DEBUG o.a.s.mgt.AbstractRememberMeManager - AuthenticationToken did not indicate RememberMe is requested.  RememberMe functionality will not be executed for corresponding account.
20:22:31.834 [http-bio-8080-exec-7] ERROR demo.controller.DemoController - abc
20:22:42.128 [http-bio-8080-exec-6] ERROR demo.controller.DemoController - abc
20:22:46.248 [http-bio-8080-exec-6] DEBUG o.a.shiro.realm.AuthenticatingRealm - Looked up AuthenticationInfo [admin] from doGetAuthenticationInfo
20:22:46.248 [http-bio-8080-exec-6] DEBUG o.a.shiro.realm.AuthenticatingRealm - AuthenticationInfo caching is disabled for info [admin].  Submitted token: [org.apache.shiro.authc.UsernamePasswordToken - admin, rememberMe=false].
20:22:46.248 [http-bio-8080-exec-6] DEBUG o.a.s.a.c.SimpleCredentialsMatcher - Performing credentials equality check for tokenCredentials of type [[C and accountCredentials of type [[C]
20:22:46.248 [http-bio-8080-exec-6] DEBUG o.a.s.a.c.SimpleCredentialsMatcher - Both credentials arguments can be easily converted to byte arrays.  Performing array equals comparison
20:22:46.248 [http-bio-8080-exec-6] DEBUG o.a.s.authc.AbstractAuthenticator - Authentication successful for token [org.apache.shiro.authc.UsernamePasswordToken - admin, rememberMe=false].  Returned account [admin]
20:22:46.249 [http-bio-8080-exec-6] DEBUG o.a.s.s.s.DefaultSubjectContext - No SecurityManager available in subject context map.  Falling back to SecurityUtils.getSecurityManager() lookup.
20:22:46.249 [http-bio-8080-exec-6] DEBUG o.a.shiro.mgt.DefaultSecurityManager - Context already contains a session.  Returning.
20:22:46.249 [http-bio-8080-exec-6] DEBUG o.a.s.s.s.DefaultSubjectContext - No SecurityManager available in subject context map.  Falling back to SecurityUtils.getSecurityManager() lookup.
20:22:46.250 [http-bio-8080-exec-6] DEBUG o.a.shiro.web.servlet.SimpleCookie - Added HttpServletResponse Cookie [rememberMe=deleteMe; Path=/WebApp; Max-Age=0; Expires=Sat, 21-May-2016 12:22:46 GMT]
20:22:46.250 [http-bio-8080-exec-6] DEBUG o.a.s.mgt.AbstractRememberMeManager - AuthenticationToken did not indicate RememberMe is requested.  RememberMe functionality will not be executed for corresponding account.
20:22:46.258 [http-bio-8080-exec-6] ERROR demo.controller.DemoController - abc
20:22:46.683 [http-bio-8080-exec-7] DEBUG o.a.shiro.realm.AuthenticatingRealm - Looked up AuthenticationInfo [admin] from doGetAuthenticationInfo
20:22:46.683 [http-bio-8080-exec-7] DEBUG o.a.shiro.realm.AuthenticatingRealm - AuthenticationInfo caching is disabled for info [admin].  Submitted token: [org.apache.shiro.authc.UsernamePasswordToken - admin, rememberMe=false].
20:22:46.683 [http-bio-8080-exec-7] DEBUG o.a.s.a.c.SimpleCredentialsMatcher - Performing credentials equality check for tokenCredentials of type [[C and accountCredentials of type [[C]
20:22:46.683 [http-bio-8080-exec-7] DEBUG o.a.s.a.c.SimpleCredentialsMatcher - Both credentials arguments can be easily converted to byte arrays.  Performing array equals comparison
20:22:46.683 [http-bio-8080-exec-7] DEBUG o.a.s.authc.AbstractAuthenticator - Authentication successful for token [org.apache.shiro.authc.UsernamePasswordToken - admin, rememberMe=false].  Returned account [admin]
20:22:46.683 [http-bio-8080-exec-7] DEBUG o.a.s.s.s.DefaultSubjectContext - No SecurityManager available in subject context map.  Falling back to SecurityUtils.getSecurityManager() lookup.
20:22:46.683 [http-bio-8080-exec-7] DEBUG o.a.shiro.mgt.DefaultSecurityManager - Context already contains a session.  Returning.
20:22:46.683 [http-bio-8080-exec-7] DEBUG o.a.s.s.s.DefaultSubjectContext - No SecurityManager available in subject context map.  Falling back to SecurityUtils.getSecurityManager() lookup.
20:22:46.683 [http-bio-8080-exec-7] DEBUG o.a.shiro.web.servlet.SimpleCookie - Added HttpServletResponse Cookie [rememberMe=deleteMe; Path=/WebApp; Max-Age=0; Expires=Sat, 21-May-2016 12:22:46 GMT]
20:22:46.684 [http-bio-8080-exec-7] DEBUG o.a.s.mgt.AbstractRememberMeManager - AuthenticationToken did not indicate RememberMe is requested.  RememberMe functionality will not be executed for corresponding account.
20:22:46.694 [http-bio-8080-exec-7] ERROR demo.controller.DemoController - abc
20:23:00.725 [http-bio-8080-exec-6] ERROR demo.controller.DemoController - abc
20:23:02.248 [http-bio-8080-exec-6] ERROR demo.controller.DemoController - abc
20:23:04.858 [http-bio-8080-exec-6] ERROR demo.controller.DemoController - abc
20:23:06.446 [http-bio-8080-exec-6] ERROR demo.controller.DemoController - abc
20:23:08.985 [http-bio-8080-exec-2] ERROR demo.controller.DemoController - abc
20:23:12.602 [localhost-startStop-2] DEBUG o.a.s.s.LifecycleBeanPostProcessor - Destroying bean [securityManager]...
20:23:12.608 [localhost-startStop-2] DEBUG o.a.s.s.LifecycleBeanPostProcessor - Destroying bean [shiroEhcacheManager]...
20:24:15.094 [localhost-startStop-1] DEBUG o.a.s.s.LifecycleBeanPostProcessor - Initializing bean [loginRealm]...
20:24:15.097 [localhost-startStop-1] DEBUG o.a.shiro.realm.AuthorizingRealm - No authorizationCache instance set.  Checking for a cacheManager...
20:24:15.097 [localhost-startStop-1] INFO  o.a.shiro.realm.AuthorizingRealm - No cache or cacheManager properties have been set.  Authorization cache cannot be obtained.
20:24:15.139 [localhost-startStop-1] DEBUG o.a.s.s.LifecycleBeanPostProcessor - Initializing bean [shiroEhcacheManager]...
20:24:15.139 [localhost-startStop-1] DEBUG o.a.s.cache.ehcache.EhCacheManager - cacheManager property not set.  Constructing CacheManager instance... 
20:24:15.151 [localhost-startStop-1] DEBUG org.apache.shiro.io.ResourceUtils - Opening resource from class path [ehcache-shiro.xml]
20:24:15.292 [localhost-startStop-1] DEBUG o.a.s.cache.ehcache.EhCacheManager - implicit cacheManager created successfully.
20:24:15.293 [localhost-startStop-1] DEBUG o.a.shiro.realm.AuthorizingRealm - No authorizationCache instance set.  Checking for a cacheManager...
20:24:15.294 [localhost-startStop-1] DEBUG o.a.shiro.realm.AuthorizingRealm - CacheManager [org.apache.shiro.cache.ehcache.EhCacheManager@4bce5895] has been configured.  Building authorization cache named [platform.security.LoginRealm.authorizationCache]
20:24:15.294 [localhost-startStop-1] INFO  o.a.s.cache.ehcache.EhCacheManager - Cache with name 'platform.security.LoginRealm.authorizationCache' does not yet exist.  Creating now.
20:24:15.295 [localhost-startStop-1] INFO  o.a.s.cache.ehcache.EhCacheManager - Added EhCache named [platform.security.LoginRealm.authorizationCache]
20:24:15.448 [localhost-startStop-1] WARN  o.hibernate.ejb.HibernatePersistence - HHH015016: Encountered a deprecated javax.persistence.spi.PersistenceProvider [org.hibernate.ejb.HibernatePersistence]; use [org.hibernate.jpa.HibernatePersistenceProvider] instead.
20:24:17.556 [localhost-startStop-1] DEBUG o.a.s.s.web.ShiroFilterFactoryBean - Creating Shiro Filter instance.
20:24:25.738 [http-bio-8080-exec-3] WARN  o.s.web.servlet.PageNotFound - No mapping found for HTTP request with URI [/WebApp/] in DispatcherServlet with name 'springServlet'
20:24:25.994 [http-bio-8080-exec-5] ERROR demo.controller.DemoController - abc
20:24:34.720 [http-bio-8080-exec-7] ERROR demo.controller.DemoController - abc
20:24:37.647 [http-bio-8080-exec-10] WARN  o.s.web.servlet.PageNotFound - No mapping found for HTTP request with URI [/WebApp/] in DispatcherServlet with name 'springServlet'
20:24:37.815 [http-bio-8080-exec-9] WARN  o.s.web.servlet.PageNotFound - No mapping found for HTTP request with URI [/WebApp/] in DispatcherServlet with name 'springServlet'
20:24:49.661 [localhost-startStop-2] DEBUG o.a.s.s.LifecycleBeanPostProcessor - Destroying bean [securityManager]...
20:24:49.667 [localhost-startStop-2] DEBUG o.a.s.s.LifecycleBeanPostProcessor - Destroying bean [shiroEhcacheManager]...
20:25:01.599 [localhost-startStop-1] DEBUG o.a.s.s.LifecycleBeanPostProcessor - Initializing bean [loginRealm]...
20:25:01.603 [localhost-startStop-1] DEBUG o.a.shiro.realm.AuthorizingRealm - No authorizationCache instance set.  Checking for a cacheManager...
20:25:01.603 [localhost-startStop-1] INFO  o.a.shiro.realm.AuthorizingRealm - No cache or cacheManager properties have been set.  Authorization cache cannot be obtained.
20:25:01.637 [localhost-startStop-1] DEBUG o.a.s.s.LifecycleBeanPostProcessor - Initializing bean [shiroEhcacheManager]...
20:25:01.637 [localhost-startStop-1] DEBUG o.a.s.cache.ehcache.EhCacheManager - cacheManager property not set.  Constructing CacheManager instance... 
20:25:01.649 [localhost-startStop-1] DEBUG org.apache.shiro.io.ResourceUtils - Opening resource from class path [ehcache-shiro.xml]
20:25:01.801 [localhost-startStop-1] DEBUG o.a.s.cache.ehcache.EhCacheManager - implicit cacheManager created successfully.
20:25:01.803 [localhost-startStop-1] DEBUG o.a.shiro.realm.AuthorizingRealm - No authorizationCache instance set.  Checking for a cacheManager...
20:25:01.803 [localhost-startStop-1] DEBUG o.a.shiro.realm.AuthorizingRealm - CacheManager [org.apache.shiro.cache.ehcache.EhCacheManager@1c078bcb] has been configured.  Building authorization cache named [platform.security.LoginRealm.authorizationCache]
20:25:01.804 [localhost-startStop-1] INFO  o.a.s.cache.ehcache.EhCacheManager - Cache with name 'platform.security.LoginRealm.authorizationCache' does not yet exist.  Creating now.
20:25:01.805 [localhost-startStop-1] INFO  o.a.s.cache.ehcache.EhCacheManager - Added EhCache named [platform.security.LoginRealm.authorizationCache]
20:25:01.976 [localhost-startStop-1] WARN  o.hibernate.ejb.HibernatePersistence - HHH015016: Encountered a deprecated javax.persistence.spi.PersistenceProvider [org.hibernate.ejb.HibernatePersistence]; use [org.hibernate.jpa.HibernatePersistenceProvider] instead.
20:25:04.148 [localhost-startStop-1] DEBUG o.a.s.s.web.ShiroFilterFactoryBean - Creating Shiro Filter instance.
20:25:09.216 [http-bio-8080-exec-4] ERROR demo.controller.DemoController - abc
20:25:21.912 [localhost-startStop-2] DEBUG o.a.s.s.LifecycleBeanPostProcessor - Destroying bean [securityManager]...
20:25:21.918 [localhost-startStop-2] DEBUG o.a.s.s.LifecycleBeanPostProcessor - Destroying bean [shiroEhcacheManager]...
